<?xml version="1.0" encoding="UTF-8"?>
<testsuite name="com.netflix.eureka.registry.AwsInstanceRegistryTest" tests="12" skipped="0" failures="0" errors="0" timestamp="2017-04-09T17:28:35" hostname="pc54.home" time="23.436">
  <properties/>
  <testcase name="testOverridesWithAsgEnabledThenDisabled" classname="com.netflix.eureka.registry.AwsInstanceRegistryTest" time="4.338"/>
  <testcase name="testStatusOverrideWithExistingLeaseUp" classname="com.netflix.eureka.registry.AwsInstanceRegistryTest" time="0.365"/>
  <testcase name="testGetAppsDeltaFromAllRemoteRegions" classname="com.netflix.eureka.registry.AwsInstanceRegistryTest" time="8.361"/>
  <testcase name="testStatusOverrideWithExistingLeaseOutOfService" classname="com.netflix.eureka.registry.AwsInstanceRegistryTest" time="0.283"/>
  <testcase name="testGetAppsFromBothRegions" classname="com.netflix.eureka.registry.AwsInstanceRegistryTest" time="0.192"/>
  <testcase name="testStatusOverrideStartingStatus" classname="com.netflix.eureka.registry.AwsInstanceRegistryTest" time="0.276"/>
  <testcase name="testStatusOverrideSetAndRemoval" classname="com.netflix.eureka.registry.AwsInstanceRegistryTest" time="0.297"/>
  <testcase name="testGetAppsFromLocalRegionOnly" classname="com.netflix.eureka.registry.AwsInstanceRegistryTest" time="0.269"/>
  <testcase name="testAppsHashCodeAfterRefresh" classname="com.netflix.eureka.registry.AwsInstanceRegistryTest" time="8.299"/>
  <testcase name="testGetAppsFromAllRemoteRegions" classname="com.netflix.eureka.registry.AwsInstanceRegistryTest" time="0.192"/>
  <testcase name="testSoftDepRemoteUp" classname="com.netflix.eureka.registry.AwsInstanceRegistryTest" time="0.246"/>
  <testcase name="testEvictionTaskCompensationTime" classname="com.netflix.eureka.registry.AwsInstanceRegistryTest" time="0.311"/>
  <system-out><![CDATA[Created eureka server mock with applications map { name : MYAPP , instance count: 1 } and applications delta map { name : MYAPP , instance count: 1 }
Eureka resource mock, received request on path: /eureka/v2/apps/. HTTP method: |GET|
Eureka resource mock, sent response for request path: /eureka/v2/apps/ with content{"applications":{"application":[{"name":"MYAPP","instance":[{"app":"MYAPP","ipAddr":"10.10.101.1","sid":"na","countryId":1,"dataCenterInfo":{"@class":"com.netflix.appinfo.AmazonInfo","name":"Amazon","metadata":{"public-ipv4":"XXX","public-hostname":"blah","instance-id":"blah","local-ipv4":"XXX","instance-type":"XXX","ami-id":"XXX","availability-zone":"us-east-1c"}},"hostName":"blah","status":"UP","leaseInfo":{"renewalIntervalInSecs":30,"durationInSecs":90,"registrationTimestamp":0,"lastRenewalTimestamp":0,"evictionTimestamp":0,"serviceUpTimestamp":0},"isCoordinatingDiscoveryServer":false,"lastUpdatedTimestamp":1491758915834,"lastDirtyTimestamp":1491758915834,"overriddenStatus":"UNKNOWN","port":{"$":7001,"@enabled":"true"},"securePort":{"$":7002,"@enabled":"false"},"metadata":{"@class":"java.util.Collections$EmptyMap"}}]}],"versions__delta":"-1","apps__hashcode":"UP_1_"}}
Eureka resource mock, received request on path: /eureka/v2/apps/. HTTP method: |GET|
Eureka resource mock, sent response for request path: /eureka/v2/apps/ with content{"applications":{"application":[{"name":"MYAPP","instance":[{"app":"MYAPP","ipAddr":"10.10.101.1","sid":"na","countryId":1,"dataCenterInfo":{"@class":"com.netflix.appinfo.AmazonInfo","name":"Amazon","metadata":{"public-ipv4":"XXX","public-hostname":"blah","instance-id":"blah","local-ipv4":"XXX","instance-type":"XXX","ami-id":"XXX","availability-zone":"us-east-1c"}},"hostName":"blah","status":"UP","leaseInfo":{"renewalIntervalInSecs":30,"durationInSecs":90,"registrationTimestamp":0,"lastRenewalTimestamp":0,"evictionTimestamp":0,"serviceUpTimestamp":0},"isCoordinatingDiscoveryServer":false,"lastUpdatedTimestamp":1491758915834,"lastDirtyTimestamp":1491758915834,"overriddenStatus":"UNKNOWN","port":{"$":7001,"@enabled":"true"},"securePort":{"$":7002,"@enabled":"false"},"metadata":{"@class":"java.util.Collections$EmptyMap"}}]}],"versions__delta":"-1","apps__hashcode":"UP_1_"}}
Canceling application: MYLOCAPP from local registry.
Canceling application: MYLOCAPP from local registry.
Canceling application: MYLOCAPP from local registry.
Created eureka server mock with applications map { name : MYAPP , instance count: 1 } and applications delta map { name : MYAPP , instance count: 1 }
Eureka resource mock, received request on path: /eureka/v2/apps/. HTTP method: |GET|
Eureka resource mock, sent response for request path: /eureka/v2/apps/ with content{"applications":{"application":[{"name":"MYAPP","instance":[{"app":"MYAPP","ipAddr":"10.10.101.1","sid":"na","countryId":1,"dataCenterInfo":{"@class":"com.netflix.appinfo.AmazonInfo","name":"Amazon","metadata":{"public-ipv4":"XXX","public-hostname":"blah","instance-id":"blah","local-ipv4":"XXX","instance-type":"XXX","ami-id":"XXX","availability-zone":"us-east-1c"}},"hostName":"blah","status":"UP","leaseInfo":{"renewalIntervalInSecs":30,"durationInSecs":90,"registrationTimestamp":0,"lastRenewalTimestamp":0,"evictionTimestamp":0,"serviceUpTimestamp":0},"isCoordinatingDiscoveryServer":false,"lastUpdatedTimestamp":1491758920123,"lastDirtyTimestamp":1491758920123,"overriddenStatus":"UNKNOWN","port":{"$":7001,"@enabled":"true"},"securePort":{"$":7002,"@enabled":"false"},"metadata":{"@class":"java.util.Collections$EmptyMap"}}]}],"versions__delta":"-1","apps__hashcode":"UP_1_"}}
Eureka resource mock, received request on path: /eureka/v2/apps/. HTTP method: |GET|
Eureka resource mock, sent response for request path: /eureka/v2/apps/ with content{"applications":{"application":[{"name":"MYAPP","instance":[{"app":"MYAPP","ipAddr":"10.10.101.1","sid":"na","countryId":1,"dataCenterInfo":{"@class":"com.netflix.appinfo.AmazonInfo","name":"Amazon","metadata":{"public-ipv4":"XXX","public-hostname":"blah","instance-id":"blah","local-ipv4":"XXX","instance-type":"XXX","ami-id":"XXX","availability-zone":"us-east-1c"}},"hostName":"blah","status":"UP","leaseInfo":{"renewalIntervalInSecs":30,"durationInSecs":90,"registrationTimestamp":0,"lastRenewalTimestamp":0,"evictionTimestamp":0,"serviceUpTimestamp":0},"isCoordinatingDiscoveryServer":false,"lastUpdatedTimestamp":1491758920123,"lastDirtyTimestamp":1491758920123,"overriddenStatus":"UNKNOWN","port":{"$":7001,"@enabled":"true"},"securePort":{"$":7002,"@enabled":"false"},"metadata":{"@class":"java.util.Collections$EmptyMap"}}]}],"versions__delta":"-1","apps__hashcode":"UP_1_"}}
Canceling application: MYLOCAPP from local registry.
Created eureka server mock with applications map { name : MYAPP , instance count: 1 } and applications delta map { name : MYAPP , instance count: 1 }
Eureka resource mock, received request on path: /eureka/v2/apps/. HTTP method: |GET|
Eureka resource mock, sent response for request path: /eureka/v2/apps/ with content{"applications":{"application":[{"name":"MYAPP","instance":[{"app":"MYAPP","ipAddr":"10.10.101.1","sid":"na","countryId":1,"dataCenterInfo":{"@class":"com.netflix.appinfo.AmazonInfo","name":"Amazon","metadata":{"public-ipv4":"XXX","public-hostname":"blah","instance-id":"blah","local-ipv4":"XXX","instance-type":"XXX","ami-id":"XXX","availability-zone":"us-east-1c"}},"hostName":"blah","status":"UP","leaseInfo":{"renewalIntervalInSecs":30,"durationInSecs":90,"registrationTimestamp":0,"lastRenewalTimestamp":0,"evictionTimestamp":0,"serviceUpTimestamp":0},"isCoordinatingDiscoveryServer":false,"lastUpdatedTimestamp":1491758920489,"lastDirtyTimestamp":1491758920489,"overriddenStatus":"UNKNOWN","port":{"$":7001,"@enabled":"true"},"securePort":{"$":7002,"@enabled":"false"},"metadata":{"@class":"java.util.Collections$EmptyMap"}}]}],"versions__delta":"-1","apps__hashcode":"UP_1_"}}
Eureka resource mock, received request on path: /eureka/v2/apps/. HTTP method: |GET|
Eureka resource mock, sent response for request path: /eureka/v2/apps/ with content{"applications":{"application":[{"name":"MYAPP","instance":[{"app":"MYAPP","ipAddr":"10.10.101.1","sid":"na","countryId":1,"dataCenterInfo":{"@class":"com.netflix.appinfo.AmazonInfo","name":"Amazon","metadata":{"public-ipv4":"XXX","public-hostname":"blah","instance-id":"blah","local-ipv4":"XXX","instance-type":"XXX","ami-id":"XXX","availability-zone":"us-east-1c"}},"hostName":"blah","status":"UP","leaseInfo":{"renewalIntervalInSecs":30,"durationInSecs":90,"registrationTimestamp":0,"lastRenewalTimestamp":0,"evictionTimestamp":0,"serviceUpTimestamp":0},"isCoordinatingDiscoveryServer":false,"lastUpdatedTimestamp":1491758920489,"lastDirtyTimestamp":1491758920489,"overriddenStatus":"UNKNOWN","port":{"$":7001,"@enabled":"true"},"securePort":{"$":7002,"@enabled":"false"},"metadata":{"@class":"java.util.Collections$EmptyMap"}}]}],"versions__delta":"-1","apps__hashcode":"UP_1_"}}
Sleeping up to 35 seconds to let the remote registry fetch delta.
Eureka resource mock, received request on path: /eureka/v2/apps/delta. HTTP method: |GET|
Eureka resource mock, sent response for request path: /eureka/v2/apps/delta with content{"applications":{"application":[{"name":"MYAPP","instance":[{"app":"MYAPP","ipAddr":"10.10.101.1","sid":"na","countryId":1,"dataCenterInfo":{"@class":"com.netflix.appinfo.AmazonInfo","name":"Amazon","metadata":{"public-ipv4":"XXX","public-hostname":"blah","instance-id":"blah","local-ipv4":"XXX","instance-type":"XXX","ami-id":"XXX","availability-zone":"us-east-1c"}},"hostName":"blah","status":"UP","leaseInfo":{"renewalIntervalInSecs":30,"durationInSecs":90,"registrationTimestamp":0,"lastRenewalTimestamp":0,"evictionTimestamp":0,"serviceUpTimestamp":0},"isCoordinatingDiscoveryServer":false,"lastUpdatedTimestamp":1491758920489,"lastDirtyTimestamp":1491758920489,"overriddenStatus":"UNKNOWN","port":{"$":7001,"@enabled":"true"},"securePort":{"$":7002,"@enabled":"false"},"metadata":{"@class":"java.util.Collections$EmptyMap"}}]}],"versions__delta":"-1","apps__hashcode":"UP_1_"}}
Canceling application: MYLOCAPP from local registry.
Created eureka server mock with applications map { name : MYAPP , instance count: 1 } and applications delta map { name : MYAPP , instance count: 1 }
Eureka resource mock, received request on path: /eureka/v2/apps/. HTTP method: |GET|
Eureka resource mock, sent response for request path: /eureka/v2/apps/ with content{"applications":{"application":[{"name":"MYAPP","instance":[{"app":"MYAPP","ipAddr":"10.10.101.1","sid":"na","countryId":1,"dataCenterInfo":{"@class":"com.netflix.appinfo.AmazonInfo","name":"Amazon","metadata":{"public-ipv4":"XXX","public-hostname":"blah","instance-id":"blah","local-ipv4":"XXX","instance-type":"XXX","ami-id":"XXX","availability-zone":"us-east-1c"}},"hostName":"blah","status":"UP","leaseInfo":{"renewalIntervalInSecs":30,"durationInSecs":90,"registrationTimestamp":0,"lastRenewalTimestamp":0,"evictionTimestamp":0,"serviceUpTimestamp":0},"isCoordinatingDiscoveryServer":false,"lastUpdatedTimestamp":1491758928851,"lastDirtyTimestamp":1491758928851,"overriddenStatus":"UNKNOWN","port":{"$":7001,"@enabled":"true"},"securePort":{"$":7002,"@enabled":"false"},"metadata":{"@class":"java.util.Collections$EmptyMap"}}]}],"versions__delta":"-1","apps__hashcode":"UP_1_"}}
Eureka resource mock, received request on path: /eureka/v2/apps/. HTTP method: |GET|
Eureka resource mock, sent response for request path: /eureka/v2/apps/ with content{"applications":{"application":[{"name":"MYAPP","instance":[{"app":"MYAPP","ipAddr":"10.10.101.1","sid":"na","countryId":1,"dataCenterInfo":{"@class":"com.netflix.appinfo.AmazonInfo","name":"Amazon","metadata":{"public-ipv4":"XXX","public-hostname":"blah","instance-id":"blah","local-ipv4":"XXX","instance-type":"XXX","ami-id":"XXX","availability-zone":"us-east-1c"}},"hostName":"blah","status":"UP","leaseInfo":{"renewalIntervalInSecs":30,"durationInSecs":90,"registrationTimestamp":0,"lastRenewalTimestamp":0,"evictionTimestamp":0,"serviceUpTimestamp":0},"isCoordinatingDiscoveryServer":false,"lastUpdatedTimestamp":1491758928851,"lastDirtyTimestamp":1491758928851,"overriddenStatus":"UNKNOWN","port":{"$":7001,"@enabled":"true"},"securePort":{"$":7002,"@enabled":"false"},"metadata":{"@class":"java.util.Collections$EmptyMap"}}]}],"versions__delta":"-1","apps__hashcode":"UP_1_"}}
Canceling application: MYLOCAPP from local registry.
Created eureka server mock with applications map { name : MYAPP , instance count: 1 } and applications delta map { name : MYAPP , instance count: 1 }
Eureka resource mock, received request on path: /eureka/v2/apps/. HTTP method: |GET|
Eureka resource mock, sent response for request path: /eureka/v2/apps/ with content{"applications":{"application":[{"name":"MYAPP","instance":[{"app":"MYAPP","ipAddr":"10.10.101.1","sid":"na","countryId":1,"dataCenterInfo":{"@class":"com.netflix.appinfo.AmazonInfo","name":"Amazon","metadata":{"public-ipv4":"XXX","public-hostname":"blah","instance-id":"blah","local-ipv4":"XXX","instance-type":"XXX","ami-id":"XXX","availability-zone":"us-east-1c"}},"hostName":"blah","status":"UP","leaseInfo":{"renewalIntervalInSecs":30,"durationInSecs":90,"registrationTimestamp":0,"lastRenewalTimestamp":0,"evictionTimestamp":0,"serviceUpTimestamp":0},"isCoordinatingDiscoveryServer":false,"lastUpdatedTimestamp":1491758929134,"lastDirtyTimestamp":1491758929134,"overriddenStatus":"UNKNOWN","port":{"$":7001,"@enabled":"true"},"securePort":{"$":7002,"@enabled":"false"},"metadata":{"@class":"java.util.Collections$EmptyMap"}}]}],"versions__delta":"-1","apps__hashcode":"UP_1_"}}
Eureka resource mock, received request on path: /eureka/v2/apps/. HTTP method: |GET|
Eureka resource mock, sent response for request path: /eureka/v2/apps/ with content{"applications":{"application":[{"name":"MYAPP","instance":[{"app":"MYAPP","ipAddr":"10.10.101.1","sid":"na","countryId":1,"dataCenterInfo":{"@class":"com.netflix.appinfo.AmazonInfo","name":"Amazon","metadata":{"public-ipv4":"XXX","public-hostname":"blah","instance-id":"blah","local-ipv4":"XXX","instance-type":"XXX","ami-id":"XXX","availability-zone":"us-east-1c"}},"hostName":"blah","status":"UP","leaseInfo":{"renewalIntervalInSecs":30,"durationInSecs":90,"registrationTimestamp":0,"lastRenewalTimestamp":0,"evictionTimestamp":0,"serviceUpTimestamp":0},"isCoordinatingDiscoveryServer":false,"lastUpdatedTimestamp":1491758929134,"lastDirtyTimestamp":1491758929134,"overriddenStatus":"UNKNOWN","port":{"$":7001,"@enabled":"true"},"securePort":{"$":7002,"@enabled":"false"},"metadata":{"@class":"java.util.Collections$EmptyMap"}}]}],"versions__delta":"-1","apps__hashcode":"UP_1_"}}
Canceling application: MYLOCAPP from local registry.
Canceling application: MYLOCAPP from local registry.
Created eureka server mock with applications map { name : MYAPP , instance count: 1 } and applications delta map { name : MYAPP , instance count: 1 }
Eureka resource mock, received request on path: /eureka/v2/apps/. HTTP method: |GET|
Eureka resource mock, sent response for request path: /eureka/v2/apps/ with content{"applications":{"application":[{"name":"MYAPP","instance":[{"app":"MYAPP","ipAddr":"10.10.101.1","sid":"na","countryId":1,"dataCenterInfo":{"@class":"com.netflix.appinfo.AmazonInfo","name":"Amazon","metadata":{"public-ipv4":"XXX","public-hostname":"blah","instance-id":"blah","local-ipv4":"XXX","instance-type":"XXX","ami-id":"XXX","availability-zone":"us-east-1c"}},"hostName":"blah","status":"UP","leaseInfo":{"renewalIntervalInSecs":30,"durationInSecs":90,"registrationTimestamp":0,"lastRenewalTimestamp":0,"evictionTimestamp":0,"serviceUpTimestamp":0},"isCoordinatingDiscoveryServer":false,"lastUpdatedTimestamp":1491758929326,"lastDirtyTimestamp":1491758929326,"overriddenStatus":"UNKNOWN","port":{"$":7001,"@enabled":"true"},"securePort":{"$":7002,"@enabled":"false"},"metadata":{"@class":"java.util.Collections$EmptyMap"}}]}],"versions__delta":"-1","apps__hashcode":"UP_1_"}}
Eureka resource mock, received request on path: /eureka/v2/apps/. HTTP method: |GET|
Eureka resource mock, sent response for request path: /eureka/v2/apps/ with content{"applications":{"application":[{"name":"MYAPP","instance":[{"app":"MYAPP","ipAddr":"10.10.101.1","sid":"na","countryId":1,"dataCenterInfo":{"@class":"com.netflix.appinfo.AmazonInfo","name":"Amazon","metadata":{"public-ipv4":"XXX","public-hostname":"blah","instance-id":"blah","local-ipv4":"XXX","instance-type":"XXX","ami-id":"XXX","availability-zone":"us-east-1c"}},"hostName":"blah","status":"UP","leaseInfo":{"renewalIntervalInSecs":30,"durationInSecs":90,"registrationTimestamp":0,"lastRenewalTimestamp":0,"evictionTimestamp":0,"serviceUpTimestamp":0},"isCoordinatingDiscoveryServer":false,"lastUpdatedTimestamp":1491758929326,"lastDirtyTimestamp":1491758929326,"overriddenStatus":"UNKNOWN","port":{"$":7001,"@enabled":"true"},"securePort":{"$":7002,"@enabled":"false"},"metadata":{"@class":"java.util.Collections$EmptyMap"}}]}],"versions__delta":"-1","apps__hashcode":"UP_1_"}}
Canceling application: MYLOCAPP from local registry.
Canceling application: MYLOCAPP from local registry.
Created eureka server mock with applications map { name : MYAPP , instance count: 1 } and applications delta map { name : MYAPP , instance count: 1 }
Eureka resource mock, received request on path: /eureka/v2/apps/. HTTP method: |GET|
Eureka resource mock, sent response for request path: /eureka/v2/apps/ with content{"applications":{"application":[{"name":"MYAPP","instance":[{"app":"MYAPP","ipAddr":"10.10.101.1","sid":"na","countryId":1,"dataCenterInfo":{"@class":"com.netflix.appinfo.AmazonInfo","name":"Amazon","metadata":{"public-ipv4":"XXX","public-hostname":"blah","instance-id":"blah","local-ipv4":"XXX","instance-type":"XXX","ami-id":"XXX","availability-zone":"us-east-1c"}},"hostName":"blah","status":"UP","leaseInfo":{"renewalIntervalInSecs":30,"durationInSecs":90,"registrationTimestamp":0,"lastRenewalTimestamp":0,"evictionTimestamp":0,"serviceUpTimestamp":0},"isCoordinatingDiscoveryServer":false,"lastUpdatedTimestamp":1491758929603,"lastDirtyTimestamp":1491758929603,"overriddenStatus":"UNKNOWN","port":{"$":7001,"@enabled":"true"},"securePort":{"$":7002,"@enabled":"false"},"metadata":{"@class":"java.util.Collections$EmptyMap"}}]}],"versions__delta":"-1","apps__hashcode":"UP_1_"}}
Eureka resource mock, received request on path: /eureka/v2/apps/. HTTP method: |GET|
Eureka resource mock, sent response for request path: /eureka/v2/apps/ with content{"applications":{"application":[{"name":"MYAPP","instance":[{"app":"MYAPP","ipAddr":"10.10.101.1","sid":"na","countryId":1,"dataCenterInfo":{"@class":"com.netflix.appinfo.AmazonInfo","name":"Amazon","metadata":{"public-ipv4":"XXX","public-hostname":"blah","instance-id":"blah","local-ipv4":"XXX","instance-type":"XXX","ami-id":"XXX","availability-zone":"us-east-1c"}},"hostName":"blah","status":"UP","leaseInfo":{"renewalIntervalInSecs":30,"durationInSecs":90,"registrationTimestamp":0,"lastRenewalTimestamp":0,"evictionTimestamp":0,"serviceUpTimestamp":0},"isCoordinatingDiscoveryServer":false,"lastUpdatedTimestamp":1491758929603,"lastDirtyTimestamp":1491758929603,"overriddenStatus":"UNKNOWN","port":{"$":7001,"@enabled":"true"},"securePort":{"$":7002,"@enabled":"false"},"metadata":{"@class":"java.util.Collections$EmptyMap"}}]}],"versions__delta":"-1","apps__hashcode":"UP_1_"}}
Canceling application: MYLOCAPP from local registry.
Created eureka server mock with applications map { name : MYAPP , instance count: 1 } and applications delta map { name : MYAPP , instance count: 1 }
Eureka resource mock, received request on path: /eureka/v2/apps/. HTTP method: |GET|
Eureka resource mock, sent response for request path: /eureka/v2/apps/ with content{"applications":{"application":[{"name":"MYAPP","instance":[{"app":"MYAPP","ipAddr":"10.10.101.1","sid":"na","countryId":1,"dataCenterInfo":{"@class":"com.netflix.appinfo.AmazonInfo","name":"Amazon","metadata":{"public-ipv4":"XXX","public-hostname":"blah","instance-id":"blah","local-ipv4":"XXX","instance-type":"XXX","ami-id":"XXX","availability-zone":"us-east-1c"}},"hostName":"blah","status":"UP","leaseInfo":{"renewalIntervalInSecs":30,"durationInSecs":90,"registrationTimestamp":0,"lastRenewalTimestamp":0,"evictionTimestamp":0,"serviceUpTimestamp":0},"isCoordinatingDiscoveryServer":false,"lastUpdatedTimestamp":1491758929901,"lastDirtyTimestamp":1491758929901,"overriddenStatus":"UNKNOWN","port":{"$":7001,"@enabled":"true"},"securePort":{"$":7002,"@enabled":"false"},"metadata":{"@class":"java.util.Collections$EmptyMap"}}]}],"versions__delta":"-1","apps__hashcode":"UP_1_"}}
Eureka resource mock, received request on path: /eureka/v2/apps/. HTTP method: |GET|
Eureka resource mock, sent response for request path: /eureka/v2/apps/ with content{"applications":{"application":[{"name":"MYAPP","instance":[{"app":"MYAPP","ipAddr":"10.10.101.1","sid":"na","countryId":1,"dataCenterInfo":{"@class":"com.netflix.appinfo.AmazonInfo","name":"Amazon","metadata":{"public-ipv4":"XXX","public-hostname":"blah","instance-id":"blah","local-ipv4":"XXX","instance-type":"XXX","ami-id":"XXX","availability-zone":"us-east-1c"}},"hostName":"blah","status":"UP","leaseInfo":{"renewalIntervalInSecs":30,"durationInSecs":90,"registrationTimestamp":0,"lastRenewalTimestamp":0,"evictionTimestamp":0,"serviceUpTimestamp":0},"isCoordinatingDiscoveryServer":false,"lastUpdatedTimestamp":1491758929901,"lastDirtyTimestamp":1491758929901,"overriddenStatus":"UNKNOWN","port":{"$":7001,"@enabled":"true"},"securePort":{"$":7002,"@enabled":"false"},"metadata":{"@class":"java.util.Collections$EmptyMap"}}]}],"versions__delta":"-1","apps__hashcode":"UP_1_"}}
Canceling application: MYLOCAPP from local registry.
Created eureka server mock with applications map { name : MYAPP , instance count: 1 } and applications delta map { name : MYAPP , instance count: 1 }
Eureka resource mock, received request on path: /eureka/v2/apps/. HTTP method: |GET|
Eureka resource mock, sent response for request path: /eureka/v2/apps/ with content{"applications":{"application":[{"name":"MYAPP","instance":[{"app":"MYAPP","ipAddr":"10.10.101.1","sid":"na","countryId":1,"dataCenterInfo":{"@class":"com.netflix.appinfo.AmazonInfo","name":"Amazon","metadata":{"public-ipv4":"XXX","public-hostname":"blah","instance-id":"blah","local-ipv4":"XXX","instance-type":"XXX","ami-id":"XXX","availability-zone":"us-east-1c"}},"hostName":"blah","status":"UP","leaseInfo":{"renewalIntervalInSecs":30,"durationInSecs":90,"registrationTimestamp":0,"lastRenewalTimestamp":0,"evictionTimestamp":0,"serviceUpTimestamp":0},"isCoordinatingDiscoveryServer":false,"lastUpdatedTimestamp":1491758930171,"lastDirtyTimestamp":1491758930171,"overriddenStatus":"UNKNOWN","port":{"$":7001,"@enabled":"true"},"securePort":{"$":7002,"@enabled":"false"},"metadata":{"@class":"java.util.Collections$EmptyMap"}}]}],"versions__delta":"-1","apps__hashcode":"UP_1_"}}
Eureka resource mock, received request on path: /eureka/v2/apps/. HTTP method: |GET|
Eureka resource mock, sent response for request path: /eureka/v2/apps/ with content{"applications":{"application":[{"name":"MYAPP","instance":[{"app":"MYAPP","ipAddr":"10.10.101.1","sid":"na","countryId":1,"dataCenterInfo":{"@class":"com.netflix.appinfo.AmazonInfo","name":"Amazon","metadata":{"public-ipv4":"XXX","public-hostname":"blah","instance-id":"blah","local-ipv4":"XXX","instance-type":"XXX","ami-id":"XXX","availability-zone":"us-east-1c"}},"hostName":"blah","status":"UP","leaseInfo":{"renewalIntervalInSecs":30,"durationInSecs":90,"registrationTimestamp":0,"lastRenewalTimestamp":0,"evictionTimestamp":0,"serviceUpTimestamp":0},"isCoordinatingDiscoveryServer":false,"lastUpdatedTimestamp":1491758930171,"lastDirtyTimestamp":1491758930171,"overriddenStatus":"UNKNOWN","port":{"$":7001,"@enabled":"true"},"securePort":{"$":7002,"@enabled":"false"},"metadata":{"@class":"java.util.Collections$EmptyMap"}}]}],"versions__delta":"-1","apps__hashcode":"UP_1_"}}
Sleeping up to 35 seconds to let the remote registry fetch delta.
Eureka resource mock, received request on path: /eureka/v2/apps/delta. HTTP method: |GET|
Eureka resource mock, sent response for request path: /eureka/v2/apps/delta with content{"applications":{"application":[{"name":"MYAPP","instance":[{"app":"MYAPP","ipAddr":"10.10.101.1","sid":"na","countryId":1,"dataCenterInfo":{"@class":"com.netflix.appinfo.AmazonInfo","name":"Amazon","metadata":{"public-ipv4":"XXX","public-hostname":"blah","instance-id":"blah","local-ipv4":"XXX","instance-type":"XXX","ami-id":"XXX","availability-zone":"us-east-1c"}},"hostName":"blah","status":"UP","leaseInfo":{"renewalIntervalInSecs":30,"durationInSecs":90,"registrationTimestamp":0,"lastRenewalTimestamp":0,"evictionTimestamp":0,"serviceUpTimestamp":0},"isCoordinatingDiscoveryServer":false,"lastUpdatedTimestamp":1491758930171,"lastDirtyTimestamp":1491758930171,"overriddenStatus":"UNKNOWN","port":{"$":7001,"@enabled":"true"},"securePort":{"$":7002,"@enabled":"false"},"metadata":{"@class":"java.util.Collections$EmptyMap"}}]}],"versions__delta":"-1","apps__hashcode":"UP_1_"}}
Canceling application: MYLOCAPP from local registry.
Created eureka server mock with applications map { name : MYAPP , instance count: 1 } and applications delta map { name : MYAPP , instance count: 1 }
Eureka resource mock, received request on path: /eureka/v2/apps/. HTTP method: |GET|
Eureka resource mock, sent response for request path: /eureka/v2/apps/ with content{"applications":{"application":[{"name":"MYAPP","instance":[{"app":"MYAPP","ipAddr":"10.10.101.1","sid":"na","countryId":1,"dataCenterInfo":{"@class":"com.netflix.appinfo.AmazonInfo","name":"Amazon","metadata":{"public-ipv4":"XXX","public-hostname":"blah","instance-id":"blah","local-ipv4":"XXX","instance-type":"XXX","ami-id":"XXX","availability-zone":"us-east-1c"}},"hostName":"blah","status":"UP","leaseInfo":{"renewalIntervalInSecs":30,"durationInSecs":90,"registrationTimestamp":0,"lastRenewalTimestamp":0,"evictionTimestamp":0,"serviceUpTimestamp":0},"isCoordinatingDiscoveryServer":false,"lastUpdatedTimestamp":1491758938470,"lastDirtyTimestamp":1491758938470,"overriddenStatus":"UNKNOWN","port":{"$":7001,"@enabled":"true"},"securePort":{"$":7002,"@enabled":"false"},"metadata":{"@class":"java.util.Collections$EmptyMap"}}]}],"versions__delta":"-1","apps__hashcode":"UP_1_"}}
Eureka resource mock, received request on path: /eureka/v2/apps/. HTTP method: |GET|
Eureka resource mock, sent response for request path: /eureka/v2/apps/ with content{"applications":{"application":[{"name":"MYAPP","instance":[{"app":"MYAPP","ipAddr":"10.10.101.1","sid":"na","countryId":1,"dataCenterInfo":{"@class":"com.netflix.appinfo.AmazonInfo","name":"Amazon","metadata":{"public-ipv4":"XXX","public-hostname":"blah","instance-id":"blah","local-ipv4":"XXX","instance-type":"XXX","ami-id":"XXX","availability-zone":"us-east-1c"}},"hostName":"blah","status":"UP","leaseInfo":{"renewalIntervalInSecs":30,"durationInSecs":90,"registrationTimestamp":0,"lastRenewalTimestamp":0,"evictionTimestamp":0,"serviceUpTimestamp":0},"isCoordinatingDiscoveryServer":false,"lastUpdatedTimestamp":1491758938470,"lastDirtyTimestamp":1491758938470,"overriddenStatus":"UNKNOWN","port":{"$":7001,"@enabled":"true"},"securePort":{"$":7002,"@enabled":"false"},"metadata":{"@class":"java.util.Collections$EmptyMap"}}]}],"versions__delta":"-1","apps__hashcode":"UP_1_"}}
Created eureka server mock with applications map { name : MYAPP , instance count: 1 } and applications delta map { name : MYAPP , instance count: 1 }
Eureka resource mock, received request on path: /eureka/v2/apps/. HTTP method: |GET|
Eureka resource mock, sent response for request path: /eureka/v2/apps/ with content{"applications":{"application":[{"name":"MYAPP","instance":[{"app":"MYAPP","ipAddr":"10.10.101.1","sid":"na","countryId":1,"dataCenterInfo":{"@class":"com.netflix.appinfo.AmazonInfo","name":"Amazon","metadata":{"public-ipv4":"XXX","public-hostname":"blah","instance-id":"blah","local-ipv4":"XXX","instance-type":"XXX","ami-id":"XXX","availability-zone":"us-east-1c"}},"hostName":"blah","status":"UP","leaseInfo":{"renewalIntervalInSecs":30,"durationInSecs":90,"registrationTimestamp":0,"lastRenewalTimestamp":0,"evictionTimestamp":0,"serviceUpTimestamp":0},"isCoordinatingDiscoveryServer":false,"lastUpdatedTimestamp":1491758938663,"lastDirtyTimestamp":1491758938663,"overriddenStatus":"UNKNOWN","port":{"$":7001,"@enabled":"true"},"securePort":{"$":7002,"@enabled":"false"},"metadata":{"@class":"java.util.Collections$EmptyMap"}}]}],"versions__delta":"-1","apps__hashcode":"UP_1_"}}
Eureka resource mock, received request on path: /eureka/v2/apps/. HTTP method: |GET|
Eureka resource mock, sent response for request path: /eureka/v2/apps/ with content{"applications":{"application":[{"name":"MYAPP","instance":[{"app":"MYAPP","ipAddr":"10.10.101.1","sid":"na","countryId":1,"dataCenterInfo":{"@class":"com.netflix.appinfo.AmazonInfo","name":"Amazon","metadata":{"public-ipv4":"XXX","public-hostname":"blah","instance-id":"blah","local-ipv4":"XXX","instance-type":"XXX","ami-id":"XXX","availability-zone":"us-east-1c"}},"hostName":"blah","status":"UP","leaseInfo":{"renewalIntervalInSecs":30,"durationInSecs":90,"registrationTimestamp":0,"lastRenewalTimestamp":0,"evictionTimestamp":0,"serviceUpTimestamp":0},"isCoordinatingDiscoveryServer":false,"lastUpdatedTimestamp":1491758938663,"lastDirtyTimestamp":1491758938663,"overriddenStatus":"UNKNOWN","port":{"$":7001,"@enabled":"true"},"securePort":{"$":7002,"@enabled":"false"},"metadata":{"@class":"java.util.Collections$EmptyMap"}}]}],"versions__delta":"-1","apps__hashcode":"UP_1_"}}
Created eureka server mock with applications map { name : MYAPP , instance count: 1 } and applications delta map { name : MYAPP , instance count: 1 }
Eureka resource mock, received request on path: /eureka/v2/apps/. HTTP method: |GET|
Eureka resource mock, sent response for request path: /eureka/v2/apps/ with content{"applications":{"application":[{"name":"MYAPP","instance":[{"app":"MYAPP","ipAddr":"10.10.101.1","sid":"na","countryId":1,"dataCenterInfo":{"@class":"com.netflix.appinfo.AmazonInfo","name":"Amazon","metadata":{"public-ipv4":"XXX","public-hostname":"blah","instance-id":"blah","local-ipv4":"XXX","instance-type":"XXX","ami-id":"XXX","availability-zone":"us-east-1c"}},"hostName":"blah","status":"UP","leaseInfo":{"renewalIntervalInSecs":30,"durationInSecs":90,"registrationTimestamp":0,"lastRenewalTimestamp":0,"evictionTimestamp":0,"serviceUpTimestamp":0},"isCoordinatingDiscoveryServer":false,"lastUpdatedTimestamp":1491758938910,"lastDirtyTimestamp":1491758938910,"overriddenStatus":"UNKNOWN","port":{"$":7001,"@enabled":"true"},"securePort":{"$":7002,"@enabled":"false"},"metadata":{"@class":"java.util.Collections$EmptyMap"}}]}],"versions__delta":"-1","apps__hashcode":"UP_1_"}}
Eureka resource mock, received request on path: /eureka/v2/apps/. HTTP method: |GET|
Eureka resource mock, sent response for request path: /eureka/v2/apps/ with content{"applications":{"application":[{"name":"MYAPP","instance":[{"app":"MYAPP","ipAddr":"10.10.101.1","sid":"na","countryId":1,"dataCenterInfo":{"@class":"com.netflix.appinfo.AmazonInfo","name":"Amazon","metadata":{"public-ipv4":"XXX","public-hostname":"blah","instance-id":"blah","local-ipv4":"XXX","instance-type":"XXX","ami-id":"XXX","availability-zone":"us-east-1c"}},"hostName":"blah","status":"UP","leaseInfo":{"renewalIntervalInSecs":30,"durationInSecs":90,"registrationTimestamp":0,"lastRenewalTimestamp":0,"evictionTimestamp":0,"serviceUpTimestamp":0},"isCoordinatingDiscoveryServer":false,"lastUpdatedTimestamp":1491758938910,"lastDirtyTimestamp":1491758938910,"overriddenStatus":"UNKNOWN","port":{"$":7001,"@enabled":"true"},"securePort":{"$":7002,"@enabled":"false"},"metadata":{"@class":"java.util.Collections$EmptyMap"}}]}],"versions__delta":"-1","apps__hashcode":"UP_1_"}}
]]></system-out>
  <system-err><![CDATA[SLF4J: Class path contains multiple SLF4J bindings.
SLF4J: Found binding in [jar:file:/home/polivier/.gradle/caches/modules-2/files-2.1/org.slf4j/slf4j-simple/1.7.10/5b0027a74461a877acb12602ac141da9161304dd/slf4j-simple-1.7.10.jar!/org/slf4j/impl/StaticLoggerBinder.class]
SLF4J: Found binding in [jar:file:/home/polivier/.gradle/caches/modules-2/files-2.1/ch.qos.logback/logback-classic/1.1.2/b316e9737eea25e9ddd6d88eaeee76878045c6b2/logback-classic-1.1.2.jar!/org/slf4j/impl/StaticLoggerBinder.class]
SLF4J: See http://www.slf4j.org/codes.html#multiple_bindings for an explanation.
SLF4J: Actual binding is of type [org.slf4j.impl.SimpleLoggerFactory]
[Test worker] WARN com.netflix.config.sources.URLConfigurationSource - No URLs will be polled as dynamic configuration sources.
[Test worker] INFO com.netflix.config.sources.URLConfigurationSource - To enable URLs as dynamic configuration sources, define System property archaius.configurationSource.additionalUrls or make config.properties available on classpath.
[Test worker] INFO com.netflix.config.DynamicPropertyFactory - DynamicPropertyFactory is initialized with configuration sources: com.netflix.config.ConcurrentCompositeConfiguration@7ccbea29
[Test worker] WARN com.netflix.eureka.DefaultEurekaServerConfig - Cannot find the properties specified : eureka-server. This may be okay if there are other environment specific properties or the configuration is installed with a different mechanism.
[Test worker] INFO org.mortbay.log - Logging to org.slf4j.impl.SimpleLogger(org.mortbay.log) via org.mortbay.log.Slf4jLog
[Test worker] INFO org.mortbay.log - jetty-6.1H.22
[Test worker] INFO org.mortbay.log - Started SocketConnector@0.0.0.0:46771
[Test worker] WARN com.netflix.eureka.DefaultEurekaServerConfig - Cannot find the properties specified : eureka-server. This may be okay if there are other environment specific properties or the configuration is installed with a different mechanism.
[Test worker] WARN com.netflix.discovery.internal.util.Archaius1Utils - Cannot find the properties specified : eureka-client. This may be okay if there are other environment specific properties or the configuration is installed with a different mechanism.
[Test worker] WARN com.netflix.discovery.internal.util.Archaius1Utils - Cannot find the properties specified : eureka-client. This may be okay if there are other environment specific properties or the configuration is installed with a different mechanism.
[Test worker] INFO com.netflix.discovery.DiscoveryClient - Initializing Eureka in region us-east-1
[Test worker] INFO com.netflix.discovery.provider.DiscoveryJerseyProvider - Using JSON encoding codec LegacyJacksonJson
[Test worker] INFO com.netflix.discovery.provider.DiscoveryJerseyProvider - Using JSON decoding codec LegacyJacksonJson
[Test worker] INFO com.netflix.discovery.provider.DiscoveryJerseyProvider - Using XML encoding codec XStreamXml
[Test worker] INFO com.netflix.discovery.provider.DiscoveryJerseyProvider - Using XML decoding codec XStreamXml
[Test worker] INFO com.netflix.discovery.shared.resolver.aws.ConfigClusterResolver - Resolving eureka endpoints via configuration
[Test worker] WARN com.netflix.discovery.endpoint.EndpointUtils - DISCOVERY: Could not pick a zone based on preferred zone settings. My zone - us-east-1a, preferSameZone- true. Defaulting to defaultZone
[Test worker] INFO com.netflix.discovery.DiscoveryClient - Disable delta property : false
[Test worker] INFO com.netflix.discovery.DiscoveryClient - Single vip registry refresh property : null
[Test worker] INFO com.netflix.discovery.DiscoveryClient - Force full registry fetch : false
[Test worker] INFO com.netflix.discovery.DiscoveryClient - Application is null : false
[Test worker] INFO com.netflix.discovery.DiscoveryClient - Registered Applications size is zero : true
[Test worker] INFO com.netflix.discovery.DiscoveryClient - Application version is -1: true
[Test worker] INFO com.netflix.discovery.DiscoveryClient - Getting all instance registry info from the eureka server
[Test worker] INFO com.netflix.discovery.DiscoveryClient - The response status is 200
[Test worker] INFO com.netflix.discovery.DiscoveryClient - Starting heartbeat executor: renew interval is: 30
[Test worker] INFO com.netflix.discovery.InstanceInfoReplicator - InstanceInfoReplicator onDemand update allowed rate per min is 4
[Test worker] INFO com.netflix.discovery.DiscoveryClient - Discovery Client initialized at timestamp 1491758917488 with initial instances count: 1
[Test worker] INFO com.netflix.eureka.DefaultEurekaServerContext - Initializing ...
[Test worker] INFO com.netflix.discovery.provider.DiscoveryJerseyProvider - Using JSON encoding codec LegacyJacksonJson
[Test worker] INFO com.netflix.discovery.provider.DiscoveryJerseyProvider - Using JSON decoding codec LegacyJacksonJson
[Test worker] INFO com.netflix.discovery.provider.DiscoveryJerseyProvider - Using XML encoding codec XStreamXml
[Test worker] INFO com.netflix.discovery.provider.DiscoveryJerseyProvider - Using XML decoding codec XStreamXml
[Test worker] INFO com.netflix.eureka.registry.RemoteRegionRegistry - Disable delta property : false
[Test worker] INFO com.netflix.eureka.registry.RemoteRegionRegistry - Application is null : false
[Test worker] INFO com.netflix.eureka.registry.RemoteRegionRegistry - Registered Applications size is zero : true
[Test worker] INFO com.netflix.eureka.registry.RemoteRegionRegistry - Getting instance registry info from the eureka server : http://localhost:46771/eureka/v2/ , delta : false
[Test worker] INFO com.netflix.eureka.registry.RemoteRegionRegistry - Successfully updated registry with the latest content
[Test worker] INFO com.netflix.eureka.registry.AbstractInstanceRegistry - Finished initializing remote region registries. All known remote regions: [us-east-1]
[Test worker] INFO com.netflix.eureka.DefaultEurekaServerContext - Initialized
[Test worker] INFO com.netflix.eureka.aws.AwsAsgUtil - Cache value for asg ASG-YO-HO does not exist yet, async refreshing.
[Test worker] ERROR com.netflix.eureka.aws.AwsAsgUtil - Could not get ASG information from AWS: 
com.amazonaws.AmazonClientException: Unable to load credentials from Amazon EC2 metadata service
	at com.amazonaws.auth.InstanceProfileCredentialsProvider.handleError(InstanceProfileCredentialsProvider.java:244)
	at com.amazonaws.auth.InstanceProfileCredentialsProvider.loadCredentials(InstanceProfileCredentialsProvider.java:225)
	at com.amazonaws.auth.InstanceProfileCredentialsProvider.getCredentials(InstanceProfileCredentialsProvider.java:124)
	at com.amazonaws.http.AmazonHttpClient.getCredentialsFromContext(AmazonHttpClient.java:774)
	at com.amazonaws.http.AmazonHttpClient.executeOneRequest(AmazonHttpClient.java:800)
	at com.amazonaws.http.AmazonHttpClient.executeHelper(AmazonHttpClient.java:695)
	at com.amazonaws.http.AmazonHttpClient.doExecute(AmazonHttpClient.java:447)
	at com.amazonaws.http.AmazonHttpClient.executeWithTimer(AmazonHttpClient.java:409)
	at com.amazonaws.http.AmazonHttpClient.execute(AmazonHttpClient.java:358)
	at com.amazonaws.services.autoscaling.AmazonAutoScalingClient.doInvoke(AmazonAutoScalingClient.java:3127)
	at com.amazonaws.services.autoscaling.AmazonAutoScalingClient.invoke(AmazonAutoScalingClient.java:3097)
	at com.amazonaws.services.autoscaling.AmazonAutoScalingClient.describeAutoScalingGroups(AmazonAutoScalingClient.java:1157)
	at com.netflix.eureka.aws.AwsAsgUtil.retrieveAutoScalingGroup(AwsAsgUtil.java:242)
	at com.netflix.eureka.aws.AwsAsgUtil.isAddToLoadBalancerSuspended(AwsAsgUtil.java:197)
	at com.netflix.eureka.aws.AwsAsgUtil.isASGEnabledinAWS(AwsAsgUtil.java:317)
	at com.netflix.eureka.aws.AwsAsgUtil.access$000(AwsAsgUtil.java:84)
	at com.netflix.eureka.aws.AwsAsgUtil$2.load(AwsAsgUtil.java:129)
	at com.netflix.eureka.aws.AwsAsgUtil$2.load(AwsAsgUtil.java:126)
	at com.google.common.cache.LocalCache$LoadingValueReference.loadFuture(LocalCache.java:3542)
	at com.google.common.cache.LocalCache$Segment.loadAsync(LocalCache.java:2329)
	at com.google.common.cache.LocalCache$Segment.refresh(LocalCache.java:2393)
	at com.google.common.cache.LocalCache.refresh(LocalCache.java:4106)
	at com.google.common.cache.LocalCache$LocalLoadingCache.refresh(LocalCache.java:4894)
	at com.netflix.eureka.aws.AwsAsgUtil.isASGEnabled(AwsAsgUtil.java:170)
	at com.netflix.eureka.registry.rule.AsgEnabledRule.apply(AsgEnabledRule.java:29)
	at com.netflix.eureka.registry.rule.FirstMatchWinsCompositeRule.apply(FirstMatchWinsCompositeRule.java:38)
	at com.netflix.eureka.registry.AbstractInstanceRegistry.getOverriddenInstanceStatus(AbstractInstanceRegistry.java:1321)
	at com.netflix.eureka.registry.AbstractInstanceRegistry.register(AbstractInstanceRegistry.java:256)
	at com.netflix.eureka.AbstractTester.registerInstanceLocally(AbstractTester.java:234)
	at com.netflix.eureka.registry.AwsInstanceRegistryTest.testOverridesWithAsgEnabledThenDisabled(AwsInstanceRegistryTest.java:24)
	at sun.reflect.NativeMethodAccessorImpl.invoke0(Native Method)
	at sun.reflect.NativeMethodAccessorImpl.invoke(NativeMethodAccessorImpl.java:62)
	at sun.reflect.DelegatingMethodAccessorImpl.invoke(DelegatingMethodAccessorImpl.java:43)
	at java.lang.reflect.Method.invoke(Method.java:498)
	at org.junit.runners.model.FrameworkMethod$1.runReflectiveCall(FrameworkMethod.java:47)
	at org.junit.internal.runners.model.ReflectiveCallable.run(ReflectiveCallable.java:12)
	at org.junit.runners.model.FrameworkMethod.invokeExplosively(FrameworkMethod.java:44)
	at org.junit.internal.runners.statements.InvokeMethod.evaluate(InvokeMethod.java:17)
	at org.junit.internal.runners.statements.RunBefores.evaluate(RunBefores.java:26)
	at org.junit.internal.runners.statements.RunAfters.evaluate(RunAfters.java:27)
	at org.junit.runners.ParentRunner.runLeaf(ParentRunner.java:271)
	at org.junit.runners.BlockJUnit4ClassRunner.runChild(BlockJUnit4ClassRunner.java:70)
	at org.junit.runners.BlockJUnit4ClassRunner.runChild(BlockJUnit4ClassRunner.java:50)
	at org.junit.runners.ParentRunner$3.run(ParentRunner.java:238)
	at org.junit.runners.ParentRunner$1.schedule(ParentRunner.java:63)
	at org.junit.runners.ParentRunner.runChildren(ParentRunner.java:236)
	at org.junit.runners.ParentRunner.access$000(ParentRunner.java:53)
	at org.junit.runners.ParentRunner$2.evaluate(ParentRunner.java:229)
	at org.junit.runners.ParentRunner.run(ParentRunner.java:309)
	at org.gradle.api.internal.tasks.testing.junit.JUnitTestClassExecuter.runTestClass(JUnitTestClassExecuter.java:105)
	at org.gradle.api.internal.tasks.testing.junit.JUnitTestClassExecuter.execute(JUnitTestClassExecuter.java:56)
	at org.gradle.api.internal.tasks.testing.junit.JUnitTestClassProcessor.processTestClass(JUnitTestClassProcessor.java:64)
	at org.gradle.api.internal.tasks.testing.SuiteTestClassProcessor.processTestClass(SuiteTestClassProcessor.java:50)
	at sun.reflect.NativeMethodAccessorImpl.invoke0(Native Method)
	at sun.reflect.NativeMethodAccessorImpl.invoke(NativeMethodAccessorImpl.java:62)
	at sun.reflect.DelegatingMethodAccessorImpl.invoke(DelegatingMethodAccessorImpl.java:43)
	at java.lang.reflect.Method.invoke(Method.java:498)
	at org.gradle.messaging.dispatch.ReflectionDispatch.dispatch(ReflectionDispatch.java:35)
	at org.gradle.messaging.dispatch.ReflectionDispatch.dispatch(ReflectionDispatch.java:24)
	at org.gradle.messaging.dispatch.ContextClassLoaderDispatch.dispatch(ContextClassLoaderDispatch.java:32)
	at org.gradle.messaging.dispatch.ProxyDispatchAdapter$DispatchingInvocationHandler.invoke(ProxyDispatchAdapter.java:93)
	at com.sun.proxy.$Proxy2.processTestClass(Unknown Source)
	at org.gradle.api.internal.tasks.testing.worker.TestWorker.processTestClass(TestWorker.java:106)
	at sun.reflect.NativeMethodAccessorImpl.invoke0(Native Method)
	at sun.reflect.NativeMethodAccessorImpl.invoke(NativeMethodAccessorImpl.java:62)
	at sun.reflect.DelegatingMethodAccessorImpl.invoke(DelegatingMethodAccessorImpl.java:43)
	at java.lang.reflect.Method.invoke(Method.java:498)
	at org.gradle.messaging.dispatch.ReflectionDispatch.dispatch(ReflectionDispatch.java:35)
	at org.gradle.messaging.dispatch.ReflectionDispatch.dispatch(ReflectionDispatch.java:24)
	at org.gradle.messaging.remote.internal.hub.MessageHub$Handler.run(MessageHub.java:360)
	at org.gradle.internal.concurrent.ExecutorPolicy$CatchAndRecordFailures.onExecute(ExecutorPolicy.java:54)
	at org.gradle.internal.concurrent.StoppableExecutorImpl$1.run(StoppableExecutorImpl.java:40)
	at java.util.concurrent.ThreadPoolExecutor.runWorker(ThreadPoolExecutor.java:1142)
	at java.util.concurrent.ThreadPoolExecutor$Worker.run(ThreadPoolExecutor.java:617)
	at java.lang.Thread.run(Thread.java:745)
Caused by: java.net.SocketTimeoutException: connect timed out
	at java.net.PlainSocketImpl.socketConnect(Native Method)
	at java.net.AbstractPlainSocketImpl.doConnect(AbstractPlainSocketImpl.java:350)
	at java.net.AbstractPlainSocketImpl.connectToAddress(AbstractPlainSocketImpl.java:206)
	at java.net.AbstractPlainSocketImpl.connect(AbstractPlainSocketImpl.java:188)
	at java.net.SocksSocketImpl.connect(SocksSocketImpl.java:392)
	at java.net.Socket.connect(Socket.java:589)
	at sun.net.NetworkClient.doConnect(NetworkClient.java:175)
	at sun.net.www.http.HttpClient.openServer(HttpClient.java:432)
	at sun.net.www.http.HttpClient.openServer(HttpClient.java:527)
	at sun.net.www.http.HttpClient.<init>(HttpClient.java:211)
	at sun.net.www.http.HttpClient.New(HttpClient.java:308)
	at sun.net.www.http.HttpClient.New(HttpClient.java:326)
	at sun.net.www.protocol.http.HttpURLConnection.getNewHttpClient(HttpURLConnection.java:1202)
	at sun.net.www.protocol.http.HttpURLConnection.plainConnect0(HttpURLConnection.java:1138)
	at sun.net.www.protocol.http.HttpURLConnection.plainConnect(HttpURLConnection.java:1032)
	at sun.net.www.protocol.http.HttpURLConnection.connect(HttpURLConnection.java:966)
	at com.amazonaws.internal.EC2MetadataClient.readResource(EC2MetadataClient.java:91)
	at com.amazonaws.internal.EC2MetadataClient.getDefaultCredentials(EC2MetadataClient.java:55)
	at com.amazonaws.auth.InstanceProfileCredentialsProvider.loadCredentials(InstanceProfileCredentialsProvider.java:186)
	... 73 more
[Test worker] INFO com.netflix.eureka.registry.AbstractInstanceRegistry - Registered instance MYLOCAPP/blahloc with status UP (replication=false)
[Test worker] INFO com.netflix.eureka.aws.AwsAsgUtil - Couldn't get the ASG account for ASG-YO-HO, using the default accountId instead
[Test worker] INFO com.netflix.eureka.registry.AbstractInstanceRegistry - Registered instance MYLOCAPP/blahloc with status OUT_OF_SERVICE (replication=false)
[Test worker] INFO com.netflix.eureka.aws.AwsAsgUtil - Couldn't get the ASG account for ASG-YO-HO, using the default accountId instead
[Test worker] INFO com.netflix.eureka.registry.AbstractInstanceRegistry - Registered instance MYLOCAPP/blahloc with status UP (replication=false)
[Test worker] WARN com.netflix.eureka.registry.AbstractInstanceRegistry - DS: Registry: cancel failed because Lease is not registered for: MYLOCAPP/MYLOCAPP
[Test worker] WARN com.netflix.eureka.registry.AbstractInstanceRegistry - DS: Registry: cancel failed because Lease is not registered for: MYLOCAPP/MYLOCAPP
[Test worker] WARN com.netflix.eureka.registry.AbstractInstanceRegistry - DS: Registry: cancel failed because Lease is not registered for: MYLOCAPP/MYLOCAPP
[Test worker] INFO com.netflix.eureka.DefaultEurekaServerContext - Shutting down ...
[Test worker] INFO com.netflix.eureka.DefaultEurekaServerContext - Shut down
[Test worker] WARN com.netflix.eureka.DefaultEurekaServerConfig - Cannot find the properties specified : eureka-server. This may be okay if there are other environment specific properties or the configuration is installed with a different mechanism.
[Test worker] INFO org.mortbay.log - jetty-6.1H.22
[Test worker] INFO org.mortbay.log - Started SocketConnector@0.0.0.0:45823
[Test worker] WARN com.netflix.eureka.DefaultEurekaServerConfig - Cannot find the properties specified : eureka-server. This may be okay if there are other environment specific properties or the configuration is installed with a different mechanism.
[Test worker] WARN com.netflix.discovery.internal.util.Archaius1Utils - Cannot find the properties specified : eureka-client. This may be okay if there are other environment specific properties or the configuration is installed with a different mechanism.
[Test worker] WARN com.netflix.discovery.internal.util.Archaius1Utils - Cannot find the properties specified : eureka-client. This may be okay if there are other environment specific properties or the configuration is installed with a different mechanism.
[Test worker] INFO com.netflix.discovery.DiscoveryClient - Initializing Eureka in region us-east-1
[Test worker] INFO com.netflix.discovery.provider.DiscoveryJerseyProvider - Using JSON encoding codec LegacyJacksonJson
[Test worker] INFO com.netflix.discovery.provider.DiscoveryJerseyProvider - Using JSON decoding codec LegacyJacksonJson
[Test worker] INFO com.netflix.discovery.provider.DiscoveryJerseyProvider - Using XML encoding codec XStreamXml
[Test worker] INFO com.netflix.discovery.provider.DiscoveryJerseyProvider - Using XML decoding codec XStreamXml
[Test worker] INFO com.netflix.discovery.shared.resolver.aws.ConfigClusterResolver - Resolving eureka endpoints via configuration
[Test worker] WARN com.netflix.discovery.endpoint.EndpointUtils - DISCOVERY: Could not pick a zone based on preferred zone settings. My zone - us-east-1a, preferSameZone- true. Defaulting to defaultZone
[Test worker] INFO com.netflix.discovery.DiscoveryClient - Disable delta property : false
[Test worker] INFO com.netflix.discovery.DiscoveryClient - Single vip registry refresh property : null
[Test worker] INFO com.netflix.discovery.DiscoveryClient - Force full registry fetch : false
[Test worker] INFO com.netflix.discovery.DiscoveryClient - Application is null : false
[Test worker] INFO com.netflix.discovery.DiscoveryClient - Registered Applications size is zero : true
[Test worker] INFO com.netflix.discovery.DiscoveryClient - Application version is -1: true
[Test worker] INFO com.netflix.discovery.DiscoveryClient - Getting all instance registry info from the eureka server
[Test worker] INFO com.netflix.discovery.DiscoveryClient - The response status is 200
[Test worker] INFO com.netflix.discovery.DiscoveryClient - Starting heartbeat executor: renew interval is: 30
[Test worker] INFO com.netflix.discovery.InstanceInfoReplicator - InstanceInfoReplicator onDemand update allowed rate per min is 4
[Test worker] INFO com.netflix.discovery.DiscoveryClient - Discovery Client initialized at timestamp 1491758920242 with initial instances count: 1
[Test worker] INFO com.netflix.eureka.DefaultEurekaServerContext - Initializing ...
[Test worker] INFO com.netflix.discovery.provider.DiscoveryJerseyProvider - Using JSON encoding codec LegacyJacksonJson
[Test worker] INFO com.netflix.discovery.provider.DiscoveryJerseyProvider - Using JSON decoding codec LegacyJacksonJson
[Test worker] INFO com.netflix.discovery.provider.DiscoveryJerseyProvider - Using XML encoding codec XStreamXml
[Test worker] INFO com.netflix.discovery.provider.DiscoveryJerseyProvider - Using XML decoding codec XStreamXml
[Test worker] INFO com.netflix.eureka.registry.RemoteRegionRegistry - Disable delta property : false
[Test worker] INFO com.netflix.eureka.registry.RemoteRegionRegistry - Application is null : false
[Test worker] INFO com.netflix.eureka.registry.RemoteRegionRegistry - Registered Applications size is zero : true
[Test worker] INFO com.netflix.eureka.registry.RemoteRegionRegistry - Getting instance registry info from the eureka server : http://localhost:45823/eureka/v2/ , delta : false
[Test worker] INFO com.netflix.eureka.registry.RemoteRegionRegistry - Successfully updated registry with the latest content
[Test worker] INFO com.netflix.eureka.registry.AbstractInstanceRegistry - Finished initializing remote region registries. All known remote regions: [us-east-1]
[Test worker] INFO com.netflix.eureka.DefaultEurekaServerContext - Initialized
[Test worker] INFO com.netflix.eureka.registry.AbstractInstanceRegistry - Registered instance MYLOCAPP/blahloc with status UP (replication=false)
[Test worker] INFO com.netflix.eureka.registry.AbstractInstanceRegistry - Registered instance MYLOCAPP/blahloc with status UP (replication=false)
[Test worker] INFO com.netflix.eureka.registry.AbstractInstanceRegistry - Registered instance MYLOCAPP/blahloc with status UP (replication=false)
[Test worker] WARN com.netflix.eureka.registry.AbstractInstanceRegistry - DS: Registry: cancel failed because Lease is not registered for: MYLOCAPP/MYLOCAPP
[Test worker] INFO com.netflix.eureka.DefaultEurekaServerContext - Shutting down ...
[Test worker] INFO com.netflix.eureka.DefaultEurekaServerContext - Shut down
[Test worker] WARN com.netflix.eureka.DefaultEurekaServerConfig - Cannot find the properties specified : eureka-server. This may be okay if there are other environment specific properties or the configuration is installed with a different mechanism.
[Test worker] INFO org.mortbay.log - jetty-6.1H.22
[Test worker] INFO org.mortbay.log - Started SocketConnector@0.0.0.0:33922
[Test worker] WARN com.netflix.eureka.DefaultEurekaServerConfig - Cannot find the properties specified : eureka-server. This may be okay if there are other environment specific properties or the configuration is installed with a different mechanism.
[Test worker] WARN com.netflix.discovery.internal.util.Archaius1Utils - Cannot find the properties specified : eureka-client. This may be okay if there are other environment specific properties or the configuration is installed with a different mechanism.
[Test worker] WARN com.netflix.discovery.internal.util.Archaius1Utils - Cannot find the properties specified : eureka-client. This may be okay if there are other environment specific properties or the configuration is installed with a different mechanism.
[Test worker] INFO com.netflix.discovery.DiscoveryClient - Initializing Eureka in region us-east-1
[Test worker] INFO com.netflix.discovery.provider.DiscoveryJerseyProvider - Using JSON encoding codec LegacyJacksonJson
[Test worker] INFO com.netflix.discovery.provider.DiscoveryJerseyProvider - Using JSON decoding codec LegacyJacksonJson
[Test worker] INFO com.netflix.discovery.provider.DiscoveryJerseyProvider - Using XML encoding codec XStreamXml
[Test worker] INFO com.netflix.discovery.provider.DiscoveryJerseyProvider - Using XML decoding codec XStreamXml
[Test worker] INFO com.netflix.discovery.shared.resolver.aws.ConfigClusterResolver - Resolving eureka endpoints via configuration
[Test worker] WARN com.netflix.discovery.endpoint.EndpointUtils - DISCOVERY: Could not pick a zone based on preferred zone settings. My zone - us-east-1a, preferSameZone- true. Defaulting to defaultZone
[Test worker] INFO com.netflix.discovery.DiscoveryClient - Disable delta property : false
[Test worker] INFO com.netflix.discovery.DiscoveryClient - Single vip registry refresh property : null
[Test worker] INFO com.netflix.discovery.DiscoveryClient - Force full registry fetch : false
[Test worker] INFO com.netflix.discovery.DiscoveryClient - Application is null : false
[Test worker] INFO com.netflix.discovery.DiscoveryClient - Registered Applications size is zero : true
[Test worker] INFO com.netflix.discovery.DiscoveryClient - Application version is -1: true
[Test worker] INFO com.netflix.discovery.DiscoveryClient - Getting all instance registry info from the eureka server
[Test worker] INFO com.netflix.discovery.DiscoveryClient - The response status is 200
[Test worker] INFO com.netflix.discovery.DiscoveryClient - Starting heartbeat executor: renew interval is: 30
[Test worker] INFO com.netflix.discovery.InstanceInfoReplicator - InstanceInfoReplicator onDemand update allowed rate per min is 4
[Test worker] INFO com.netflix.discovery.DiscoveryClient - Discovery Client initialized at timestamp 1491758920621 with initial instances count: 1
[Test worker] INFO com.netflix.eureka.DefaultEurekaServerContext - Initializing ...
[Test worker] INFO com.netflix.discovery.provider.DiscoveryJerseyProvider - Using JSON encoding codec LegacyJacksonJson
[Test worker] INFO com.netflix.discovery.provider.DiscoveryJerseyProvider - Using JSON decoding codec LegacyJacksonJson
[Test worker] INFO com.netflix.discovery.provider.DiscoveryJerseyProvider - Using XML encoding codec XStreamXml
[Test worker] INFO com.netflix.discovery.provider.DiscoveryJerseyProvider - Using XML decoding codec XStreamXml
[Test worker] INFO com.netflix.eureka.registry.RemoteRegionRegistry - Disable delta property : false
[Test worker] INFO com.netflix.eureka.registry.RemoteRegionRegistry - Application is null : false
[Test worker] INFO com.netflix.eureka.registry.RemoteRegionRegistry - Registered Applications size is zero : true
[Test worker] INFO com.netflix.eureka.registry.RemoteRegionRegistry - Getting instance registry info from the eureka server : http://localhost:33922/eureka/v2/ , delta : false
[Test worker] INFO com.netflix.eureka.registry.RemoteRegionRegistry - Successfully updated registry with the latest content
[Test worker] INFO com.netflix.eureka.registry.AbstractInstanceRegistry - Finished initializing remote region registries. All known remote regions: [us-east-1]
[Test worker] INFO com.netflix.eureka.DefaultEurekaServerContext - Initialized
[Test worker] INFO com.netflix.eureka.registry.AbstractInstanceRegistry - Registered instance MYLOCAPP/blahloc2 with status UP (replication=false)
[pool-8-thread-1] INFO com.netflix.eureka.registry.RemoteRegionRegistry - Getting instance registry info from the eureka server : http://localhost:46771/eureka/v2/ , delta : true
[pool-8-thread-1] ERROR com.netflix.eureka.registry.RemoteRegionRegistry - Can't get a response from http://localhost:46771/eureka/v2/
com.sun.jersey.api.client.ClientHandlerException: java.net.ConnectException: Connexion refusée (Connection refused)
	at com.sun.jersey.client.apache4.ApacheHttpClient4Handler.handle(ApacheHttpClient4Handler.java:187)
	at com.sun.jersey.api.client.filter.GZIPContentEncodingFilter.handle(GZIPContentEncodingFilter.java:123)
	at com.netflix.discovery.EurekaIdentityHeaderFilter.handle(EurekaIdentityHeaderFilter.java:27)
	at com.sun.jersey.api.client.Client.handle(Client.java:652)
	at com.sun.jersey.api.client.WebResource.handle(WebResource.java:682)
	at com.sun.jersey.api.client.WebResource.access$200(WebResource.java:74)
	at com.sun.jersey.api.client.WebResource$Builder.get(WebResource.java:509)
	at com.netflix.eureka.registry.RemoteRegionRegistry.fetchRemoteRegistry(RemoteRegionRegistry.java:389)
	at com.netflix.eureka.registry.RemoteRegionRegistry.fetchAndStoreDelta(RemoteRegionRegistry.java:244)
	at com.netflix.eureka.registry.RemoteRegionRegistry.fetchRegistry(RemoteRegionRegistry.java:228)
	at com.netflix.eureka.registry.RemoteRegionRegistry.access$000(RemoteRegionRegistry.java:70)
	at com.netflix.eureka.registry.RemoteRegionRegistry$1.run(RemoteRegionRegistry.java:167)
	at java.util.concurrent.Executors$RunnableAdapter.call(Executors.java:511)
	at java.util.concurrent.FutureTask.run(FutureTask.java:266)
	at java.util.concurrent.ThreadPoolExecutor.runWorker(ThreadPoolExecutor.java:1142)
	at java.util.concurrent.ThreadPoolExecutor$Worker.run(ThreadPoolExecutor.java:617)
	at java.lang.Thread.run(Thread.java:745)
Caused by: java.net.ConnectException: Connexion refusée (Connection refused)
	at java.net.PlainSocketImpl.socketConnect(Native Method)
	at java.net.AbstractPlainSocketImpl.doConnect(AbstractPlainSocketImpl.java:350)
	at java.net.AbstractPlainSocketImpl.connectToAddress(AbstractPlainSocketImpl.java:206)
	at java.net.AbstractPlainSocketImpl.connect(AbstractPlainSocketImpl.java:188)
	at java.net.SocksSocketImpl.connect(SocksSocketImpl.java:392)
	at java.net.Socket.connect(Socket.java:589)
	at org.apache.http.conn.scheme.PlainSocketFactory.connectSocket(PlainSocketFactory.java:120)
	at org.apache.http.impl.conn.DefaultClientConnectionOperator.openConnection(DefaultClientConnectionOperator.java:179)
	at org.apache.http.impl.conn.AbstractPoolEntry.open(AbstractPoolEntry.java:144)
	at org.apache.http.impl.conn.AbstractPooledConnAdapter.open(AbstractPooledConnAdapter.java:134)
	at org.apache.http.impl.client.DefaultRequestDirector.tryConnect(DefaultRequestDirector.java:612)
	at org.apache.http.impl.client.DefaultRequestDirector.execute(DefaultRequestDirector.java:447)
	at org.apache.http.impl.client.AbstractHttpClient.doExecute(AbstractHttpClient.java:884)
	at org.apache.http.impl.client.CloseableHttpClient.execute(CloseableHttpClient.java:117)
	at org.apache.http.impl.client.CloseableHttpClient.execute(CloseableHttpClient.java:55)
	at com.sun.jersey.client.apache4.ApacheHttpClient4Handler.handle(ApacheHttpClient4Handler.java:173)
	... 16 more
[pool-8-thread-1] ERROR com.netflix.eureka.registry.RemoteRegionRegistry - The delta is null for some reason. Not storing this information
[pool-8-thread-1] WARN com.netflix.eureka.registry.RemoteRegionRegistry - The server does not allow the delta revision to be applied because it is not safe. Hence got the full registry.
[pool-8-thread-1] INFO com.netflix.eureka.registry.RemoteRegionRegistry - Getting instance registry info from the eureka server : http://localhost:46771/eureka/v2/ , delta : false
[pool-8-thread-1] ERROR com.netflix.eureka.registry.RemoteRegionRegistry - Can't get a response from http://localhost:46771/eureka/v2/
com.sun.jersey.api.client.ClientHandlerException: java.net.ConnectException: Connexion refusée (Connection refused)
	at com.sun.jersey.client.apache4.ApacheHttpClient4Handler.handle(ApacheHttpClient4Handler.java:187)
	at com.sun.jersey.api.client.filter.GZIPContentEncodingFilter.handle(GZIPContentEncodingFilter.java:123)
	at com.netflix.discovery.EurekaIdentityHeaderFilter.handle(EurekaIdentityHeaderFilter.java:27)
	at com.sun.jersey.api.client.Client.handle(Client.java:652)
	at com.sun.jersey.api.client.WebResource.handle(WebResource.java:682)
	at com.sun.jersey.api.client.WebResource.access$200(WebResource.java:74)
	at com.sun.jersey.api.client.WebResource$Builder.get(WebResource.java:509)
	at com.netflix.eureka.registry.RemoteRegionRegistry.fetchRemoteRegistry(RemoteRegionRegistry.java:389)
	at com.netflix.eureka.registry.RemoteRegionRegistry.storeFullRegistry(RemoteRegionRegistry.java:349)
	at com.netflix.eureka.registry.RemoteRegionRegistry.fetchAndStoreDelta(RemoteRegionRegistry.java:258)
	at com.netflix.eureka.registry.RemoteRegionRegistry.fetchRegistry(RemoteRegionRegistry.java:228)
	at com.netflix.eureka.registry.RemoteRegionRegistry.access$000(RemoteRegionRegistry.java:70)
	at com.netflix.eureka.registry.RemoteRegionRegistry$1.run(RemoteRegionRegistry.java:167)
	at java.util.concurrent.Executors$RunnableAdapter.call(Executors.java:511)
	at java.util.concurrent.FutureTask.run(FutureTask.java:266)
	at java.util.concurrent.ThreadPoolExecutor.runWorker(ThreadPoolExecutor.java:1142)
	at java.util.concurrent.ThreadPoolExecutor$Worker.run(ThreadPoolExecutor.java:617)
	at java.lang.Thread.run(Thread.java:745)
Caused by: java.net.ConnectException: Connexion refusée (Connection refused)
	at java.net.PlainSocketImpl.socketConnect(Native Method)
	at java.net.AbstractPlainSocketImpl.doConnect(AbstractPlainSocketImpl.java:350)
	at java.net.AbstractPlainSocketImpl.connectToAddress(AbstractPlainSocketImpl.java:206)
	at java.net.AbstractPlainSocketImpl.connect(AbstractPlainSocketImpl.java:188)
	at java.net.SocksSocketImpl.connect(SocksSocketImpl.java:392)
	at java.net.Socket.connect(Socket.java:589)
	at org.apache.http.conn.scheme.PlainSocketFactory.connectSocket(PlainSocketFactory.java:120)
	at org.apache.http.impl.conn.DefaultClientConnectionOperator.openConnection(DefaultClientConnectionOperator.java:179)
	at org.apache.http.impl.conn.AbstractPoolEntry.open(AbstractPoolEntry.java:144)
	at org.apache.http.impl.conn.AbstractPooledConnAdapter.open(AbstractPooledConnAdapter.java:134)
	at org.apache.http.impl.client.DefaultRequestDirector.tryConnect(DefaultRequestDirector.java:612)
	at org.apache.http.impl.client.DefaultRequestDirector.execute(DefaultRequestDirector.java:447)
	at org.apache.http.impl.client.AbstractHttpClient.doExecute(AbstractHttpClient.java:884)
	at org.apache.http.impl.client.CloseableHttpClient.execute(CloseableHttpClient.java:117)
	at org.apache.http.impl.client.CloseableHttpClient.execute(CloseableHttpClient.java:55)
	at com.sun.jersey.client.apache4.ApacheHttpClient4Handler.handle(ApacheHttpClient4Handler.java:173)
	... 17 more
[pool-8-thread-1] ERROR com.netflix.eureka.registry.RemoteRegionRegistry - The application is null for some reason. Not storing this information
[pool-8-thread-1] WARN com.netflix.eureka.registry.RemoteRegionRegistry - Failed to fetch remote registry. This means this eureka server is not ready for serving traffic.
[pool-16-thread-1] INFO com.netflix.eureka.registry.RemoteRegionRegistry - Getting instance registry info from the eureka server : http://localhost:45823/eureka/v2/ , delta : true
[pool-16-thread-1] ERROR com.netflix.eureka.registry.RemoteRegionRegistry - Can't get a response from http://localhost:45823/eureka/v2/
com.sun.jersey.api.client.ClientHandlerException: java.net.ConnectException: Connexion refusée (Connection refused)
	at com.sun.jersey.client.apache4.ApacheHttpClient4Handler.handle(ApacheHttpClient4Handler.java:187)
	at com.sun.jersey.api.client.filter.GZIPContentEncodingFilter.handle(GZIPContentEncodingFilter.java:123)
	at com.netflix.discovery.EurekaIdentityHeaderFilter.handle(EurekaIdentityHeaderFilter.java:27)
	at com.sun.jersey.api.client.Client.handle(Client.java:652)
	at com.sun.jersey.api.client.WebResource.handle(WebResource.java:682)
	at com.sun.jersey.api.client.WebResource.access$200(WebResource.java:74)
	at com.sun.jersey.api.client.WebResource$Builder.get(WebResource.java:509)
	at com.netflix.eureka.registry.RemoteRegionRegistry.fetchRemoteRegistry(RemoteRegionRegistry.java:389)
	at com.netflix.eureka.registry.RemoteRegionRegistry.fetchAndStoreDelta(RemoteRegionRegistry.java:244)
	at com.netflix.eureka.registry.RemoteRegionRegistry.fetchRegistry(RemoteRegionRegistry.java:228)
	at com.netflix.eureka.registry.RemoteRegionRegistry.access$000(RemoteRegionRegistry.java:70)
	at com.netflix.eureka.registry.RemoteRegionRegistry$1.run(RemoteRegionRegistry.java:167)
	at java.util.concurrent.Executors$RunnableAdapter.call(Executors.java:511)
	at java.util.concurrent.FutureTask.run(FutureTask.java:266)
	at java.util.concurrent.ThreadPoolExecutor.runWorker(ThreadPoolExecutor.java:1142)
	at java.util.concurrent.ThreadPoolExecutor$Worker.run(ThreadPoolExecutor.java:617)
	at java.lang.Thread.run(Thread.java:745)
Caused by: java.net.ConnectException: Connexion refusée (Connection refused)
	at java.net.PlainSocketImpl.socketConnect(Native Method)
	at java.net.AbstractPlainSocketImpl.doConnect(AbstractPlainSocketImpl.java:350)
	at java.net.AbstractPlainSocketImpl.connectToAddress(AbstractPlainSocketImpl.java:206)
	at java.net.AbstractPlainSocketImpl.connect(AbstractPlainSocketImpl.java:188)
	at java.net.SocksSocketImpl.connect(SocksSocketImpl.java:392)
	at java.net.Socket.connect(Socket.java:589)
	at org.apache.http.conn.scheme.PlainSocketFactory.connectSocket(PlainSocketFactory.java:120)
	at org.apache.http.impl.conn.DefaultClientConnectionOperator.openConnection(DefaultClientConnectionOperator.java:179)
	at org.apache.http.impl.conn.AbstractPoolEntry.open(AbstractPoolEntry.java:144)
	at org.apache.http.impl.conn.AbstractPooledConnAdapter.open(AbstractPooledConnAdapter.java:134)
	at org.apache.http.impl.client.DefaultRequestDirector.tryConnect(DefaultRequestDirector.java:612)
	at org.apache.http.impl.client.DefaultRequestDirector.execute(DefaultRequestDirector.java:447)
	at org.apache.http.impl.client.AbstractHttpClient.doExecute(AbstractHttpClient.java:884)
	at org.apache.http.impl.client.CloseableHttpClient.execute(CloseableHttpClient.java:117)
	at org.apache.http.impl.client.CloseableHttpClient.execute(CloseableHttpClient.java:55)
	at com.sun.jersey.client.apache4.ApacheHttpClient4Handler.handle(ApacheHttpClient4Handler.java:173)
	... 16 more
[pool-16-thread-1] ERROR com.netflix.eureka.registry.RemoteRegionRegistry - The delta is null for some reason. Not storing this information
[pool-16-thread-1] WARN com.netflix.eureka.registry.RemoteRegionRegistry - The server does not allow the delta revision to be applied because it is not safe. Hence got the full registry.
[pool-16-thread-1] INFO com.netflix.eureka.registry.RemoteRegionRegistry - Getting instance registry info from the eureka server : http://localhost:45823/eureka/v2/ , delta : false
[pool-16-thread-1] ERROR com.netflix.eureka.registry.RemoteRegionRegistry - Can't get a response from http://localhost:45823/eureka/v2/
com.sun.jersey.api.client.ClientHandlerException: java.net.ConnectException: Connexion refusée (Connection refused)
	at com.sun.jersey.client.apache4.ApacheHttpClient4Handler.handle(ApacheHttpClient4Handler.java:187)
	at com.sun.jersey.api.client.filter.GZIPContentEncodingFilter.handle(GZIPContentEncodingFilter.java:123)
	at com.netflix.discovery.EurekaIdentityHeaderFilter.handle(EurekaIdentityHeaderFilter.java:27)
	at com.sun.jersey.api.client.Client.handle(Client.java:652)
	at com.sun.jersey.api.client.WebResource.handle(WebResource.java:682)
	at com.sun.jersey.api.client.WebResource.access$200(WebResource.java:74)
	at com.sun.jersey.api.client.WebResource$Builder.get(WebResource.java:509)
	at com.netflix.eureka.registry.RemoteRegionRegistry.fetchRemoteRegistry(RemoteRegionRegistry.java:389)
	at com.netflix.eureka.registry.RemoteRegionRegistry.storeFullRegistry(RemoteRegionRegistry.java:349)
	at com.netflix.eureka.registry.RemoteRegionRegistry.fetchAndStoreDelta(RemoteRegionRegistry.java:258)
	at com.netflix.eureka.registry.RemoteRegionRegistry.fetchRegistry(RemoteRegionRegistry.java:228)
	at com.netflix.eureka.registry.RemoteRegionRegistry.access$000(RemoteRegionRegistry.java:70)
	at com.netflix.eureka.registry.RemoteRegionRegistry$1.run(RemoteRegionRegistry.java:167)
	at java.util.concurrent.Executors$RunnableAdapter.call(Executors.java:511)
	at java.util.concurrent.FutureTask.run(FutureTask.java:266)
	at java.util.concurrent.ThreadPoolExecutor.runWorker(ThreadPoolExecutor.java:1142)
	at java.util.concurrent.ThreadPoolExecutor$Worker.run(ThreadPoolExecutor.java:617)
	at java.lang.Thread.run(Thread.java:745)
Caused by: java.net.ConnectException: Connexion refusée (Connection refused)
	at java.net.PlainSocketImpl.socketConnect(Native Method)
	at java.net.AbstractPlainSocketImpl.doConnect(AbstractPlainSocketImpl.java:350)
	at java.net.AbstractPlainSocketImpl.connectToAddress(AbstractPlainSocketImpl.java:206)
	at java.net.AbstractPlainSocketImpl.connect(AbstractPlainSocketImpl.java:188)
	at java.net.SocksSocketImpl.connect(SocksSocketImpl.java:392)
	at java.net.Socket.connect(Socket.java:589)
	at org.apache.http.conn.scheme.PlainSocketFactory.connectSocket(PlainSocketFactory.java:120)
	at org.apache.http.impl.conn.DefaultClientConnectionOperator.openConnection(DefaultClientConnectionOperator.java:179)
	at org.apache.http.impl.conn.AbstractPoolEntry.open(AbstractPoolEntry.java:144)
	at org.apache.http.impl.conn.AbstractPooledConnAdapter.open(AbstractPooledConnAdapter.java:134)
	at org.apache.http.impl.client.DefaultRequestDirector.tryConnect(DefaultRequestDirector.java:612)
	at org.apache.http.impl.client.DefaultRequestDirector.execute(DefaultRequestDirector.java:447)
	at org.apache.http.impl.client.AbstractHttpClient.doExecute(AbstractHttpClient.java:884)
	at org.apache.http.impl.client.CloseableHttpClient.execute(CloseableHttpClient.java:117)
	at org.apache.http.impl.client.CloseableHttpClient.execute(CloseableHttpClient.java:55)
	at com.sun.jersey.client.apache4.ApacheHttpClient4Handler.handle(ApacheHttpClient4Handler.java:173)
	... 17 more
[pool-16-thread-1] ERROR com.netflix.eureka.registry.RemoteRegionRegistry - The application is null for some reason. Not storing this information
[pool-16-thread-1] WARN com.netflix.eureka.registry.RemoteRegionRegistry - Failed to fetch remote registry. This means this eureka server is not ready for serving traffic.
[pool-24-thread-1] INFO com.netflix.eureka.registry.RemoteRegionRegistry - Getting instance registry info from the eureka server : http://localhost:33922/eureka/v2/ , delta : true
[pool-8-thread-1] INFO com.netflix.eureka.registry.RemoteRegionRegistry - Getting instance registry info from the eureka server : http://localhost:46771/eureka/v2/ , delta : true
[pool-8-thread-1] ERROR com.netflix.eureka.registry.RemoteRegionRegistry - Can't get a response from http://localhost:46771/eureka/v2/
com.sun.jersey.api.client.ClientHandlerException: java.net.ConnectException: Connexion refusée (Connection refused)
	at com.sun.jersey.client.apache4.ApacheHttpClient4Handler.handle(ApacheHttpClient4Handler.java:187)
	at com.sun.jersey.api.client.filter.GZIPContentEncodingFilter.handle(GZIPContentEncodingFilter.java:123)
	at com.netflix.discovery.EurekaIdentityHeaderFilter.handle(EurekaIdentityHeaderFilter.java:27)
	at com.sun.jersey.api.client.Client.handle(Client.java:652)
	at com.sun.jersey.api.client.WebResource.handle(WebResource.java:682)
	at com.sun.jersey.api.client.WebResource.access$200(WebResource.java:74)
	at com.sun.jersey.api.client.WebResource$Builder.get(WebResource.java:509)
	at com.netflix.eureka.registry.RemoteRegionRegistry.fetchRemoteRegistry(RemoteRegionRegistry.java:389)
	at com.netflix.eureka.registry.RemoteRegionRegistry.fetchAndStoreDelta(RemoteRegionRegistry.java:244)
	at com.netflix.eureka.registry.RemoteRegionRegistry.fetchRegistry(RemoteRegionRegistry.java:228)
	at com.netflix.eureka.registry.RemoteRegionRegistry.access$000(RemoteRegionRegistry.java:70)
	at com.netflix.eureka.registry.RemoteRegionRegistry$1.run(RemoteRegionRegistry.java:167)
	at java.util.concurrent.Executors$RunnableAdapter.call(Executors.java:511)
	at java.util.concurrent.FutureTask.run(FutureTask.java:266)
	at java.util.concurrent.ThreadPoolExecutor.runWorker(ThreadPoolExecutor.java:1142)
	at java.util.concurrent.ThreadPoolExecutor$Worker.run(ThreadPoolExecutor.java:617)
	at java.lang.Thread.run(Thread.java:745)
Caused by: java.net.ConnectException: Connexion refusée (Connection refused)
	at java.net.PlainSocketImpl.socketConnect(Native Method)
	at java.net.AbstractPlainSocketImpl.doConnect(AbstractPlainSocketImpl.java:350)
	at java.net.AbstractPlainSocketImpl.connectToAddress(AbstractPlainSocketImpl.java:206)
	at java.net.AbstractPlainSocketImpl.connect(AbstractPlainSocketImpl.java:188)
	at java.net.SocksSocketImpl.connect(SocksSocketImpl.java:392)
	at java.net.Socket.connect(Socket.java:589)
	at org.apache.http.conn.scheme.PlainSocketFactory.connectSocket(PlainSocketFactory.java:120)
	at org.apache.http.impl.conn.DefaultClientConnectionOperator.openConnection(DefaultClientConnectionOperator.java:179)
	at org.apache.http.impl.conn.AbstractPoolEntry.open(AbstractPoolEntry.java:144)
	at org.apache.http.impl.conn.AbstractPooledConnAdapter.open(AbstractPooledConnAdapter.java:134)
	at org.apache.http.impl.client.DefaultRequestDirector.tryConnect(DefaultRequestDirector.java:612)
	at org.apache.http.impl.client.DefaultRequestDirector.execute(DefaultRequestDirector.java:447)
	at org.apache.http.impl.client.AbstractHttpClient.doExecute(AbstractHttpClient.java:884)
	at org.apache.http.impl.client.CloseableHttpClient.execute(CloseableHttpClient.java:117)
	at org.apache.http.impl.client.CloseableHttpClient.execute(CloseableHttpClient.java:55)
	at com.sun.jersey.client.apache4.ApacheHttpClient4Handler.handle(ApacheHttpClient4Handler.java:173)
	... 16 more
[pool-8-thread-1] ERROR com.netflix.eureka.registry.RemoteRegionRegistry - The delta is null for some reason. Not storing this information
[pool-8-thread-1] WARN com.netflix.eureka.registry.RemoteRegionRegistry - The server does not allow the delta revision to be applied because it is not safe. Hence got the full registry.
[pool-8-thread-1] INFO com.netflix.eureka.registry.RemoteRegionRegistry - Getting instance registry info from the eureka server : http://localhost:46771/eureka/v2/ , delta : false
[pool-8-thread-1] ERROR com.netflix.eureka.registry.RemoteRegionRegistry - Can't get a response from http://localhost:46771/eureka/v2/
com.sun.jersey.api.client.ClientHandlerException: java.net.ConnectException: Connexion refusée (Connection refused)
	at com.sun.jersey.client.apache4.ApacheHttpClient4Handler.handle(ApacheHttpClient4Handler.java:187)
	at com.sun.jersey.api.client.filter.GZIPContentEncodingFilter.handle(GZIPContentEncodingFilter.java:123)
	at com.netflix.discovery.EurekaIdentityHeaderFilter.handle(EurekaIdentityHeaderFilter.java:27)
	at com.sun.jersey.api.client.Client.handle(Client.java:652)
	at com.sun.jersey.api.client.WebResource.handle(WebResource.java:682)
	at com.sun.jersey.api.client.WebResource.access$200(WebResource.java:74)
	at com.sun.jersey.api.client.WebResource$Builder.get(WebResource.java:509)
	at com.netflix.eureka.registry.RemoteRegionRegistry.fetchRemoteRegistry(RemoteRegionRegistry.java:389)
	at com.netflix.eureka.registry.RemoteRegionRegistry.storeFullRegistry(RemoteRegionRegistry.java:349)
	at com.netflix.eureka.registry.RemoteRegionRegistry.fetchAndStoreDelta(RemoteRegionRegistry.java:258)
	at com.netflix.eureka.registry.RemoteRegionRegistry.fetchRegistry(RemoteRegionRegistry.java:228)
	at com.netflix.eureka.registry.RemoteRegionRegistry.access$000(RemoteRegionRegistry.java:70)
	at com.netflix.eureka.registry.RemoteRegionRegistry$1.run(RemoteRegionRegistry.java:167)
	at java.util.concurrent.Executors$RunnableAdapter.call(Executors.java:511)
	at java.util.concurrent.FutureTask.run(FutureTask.java:266)
	at java.util.concurrent.ThreadPoolExecutor.runWorker(ThreadPoolExecutor.java:1142)
	at java.util.concurrent.ThreadPoolExecutor$Worker.run(ThreadPoolExecutor.java:617)
	at java.lang.Thread.run(Thread.java:745)
Caused by: java.net.ConnectException: Connexion refusée (Connection refused)
	at java.net.PlainSocketImpl.socketConnect(Native Method)
	at java.net.AbstractPlainSocketImpl.doConnect(AbstractPlainSocketImpl.java:350)
	at java.net.AbstractPlainSocketImpl.connectToAddress(AbstractPlainSocketImpl.java:206)
	at java.net.AbstractPlainSocketImpl.connect(AbstractPlainSocketImpl.java:188)
	at java.net.SocksSocketImpl.connect(SocksSocketImpl.java:392)
	at java.net.Socket.connect(Socket.java:589)
	at org.apache.http.conn.scheme.PlainSocketFactory.connectSocket(PlainSocketFactory.java:120)
	at org.apache.http.impl.conn.DefaultClientConnectionOperator.openConnection(DefaultClientConnectionOperator.java:179)
	at org.apache.http.impl.conn.AbstractPoolEntry.open(AbstractPoolEntry.java:144)
	at org.apache.http.impl.conn.AbstractPooledConnAdapter.open(AbstractPooledConnAdapter.java:134)
	at org.apache.http.impl.client.DefaultRequestDirector.tryConnect(DefaultRequestDirector.java:612)
	at org.apache.http.impl.client.DefaultRequestDirector.execute(DefaultRequestDirector.java:447)
	at org.apache.http.impl.client.AbstractHttpClient.doExecute(AbstractHttpClient.java:884)
	at org.apache.http.impl.client.CloseableHttpClient.execute(CloseableHttpClient.java:117)
	at org.apache.http.impl.client.CloseableHttpClient.execute(CloseableHttpClient.java:55)
	at com.sun.jersey.client.apache4.ApacheHttpClient4Handler.handle(ApacheHttpClient4Handler.java:173)
	... 17 more
[pool-8-thread-1] ERROR com.netflix.eureka.registry.RemoteRegionRegistry - The application is null for some reason. Not storing this information
[pool-8-thread-1] WARN com.netflix.eureka.registry.RemoteRegionRegistry - Failed to fetch remote registry. This means this eureka server is not ready for serving traffic.
[Test worker] INFO com.netflix.eureka.registry.AbstractInstanceRegistry - Application MYAPP  fetched from the remote region us-east-1
[...]
[Test worker] WARN com.netflix.discovery.endpoint.EndpointUtils - DISCOVERY: Could not pick a zone based on preferred zone settings. My zone - us-east-1a, preferSameZone- true. Defaulting to defaultZone
[Test worker] INFO com.netflix.discovery.DiscoveryClient - Disable delta property : false
[Test worker] INFO com.netflix.discovery.DiscoveryClient - Single vip registry refresh property : null
[Test worker] INFO com.netflix.discovery.DiscoveryClient - Force full registry fetch : false
[Test worker] INFO com.netflix.discovery.DiscoveryClient - Application is null : false
[Test worker] INFO com.netflix.discovery.DiscoveryClient - Registered Applications size is zero : true
[Test worker] INFO com.netflix.discovery.DiscoveryClient - Application version is -1: true
[Test worker] INFO com.netflix.discovery.DiscoveryClient - Getting all instance registry info from the eureka server
[Test worker] INFO com.netflix.discovery.DiscoveryClient - The response status is 200
[Test worker] INFO com.netflix.discovery.DiscoveryClient - Starting heartbeat executor: renew interval is: 30
[Test worker] INFO com.netflix.discovery.InstanceInfoReplicator - InstanceInfoReplicator onDemand update allowed rate per min is 4
[Test worker] INFO com.netflix.discovery.DiscoveryClient - Discovery Client initialized at timestamp 1491758938572 with initial instances count: 1
[Test worker] INFO com.netflix.eureka.DefaultEurekaServerContext - Initializing ...
[Test worker] INFO com.netflix.discovery.provider.DiscoveryJerseyProvider - Using JSON encoding codec LegacyJacksonJson
[Test worker] INFO com.netflix.discovery.provider.DiscoveryJerseyProvider - Using JSON decoding codec LegacyJacksonJson
[Test worker] INFO com.netflix.discovery.provider.DiscoveryJerseyProvider - Using XML encoding codec XStreamXml
[Test worker] INFO com.netflix.discovery.provider.DiscoveryJerseyProvider - Using XML decoding codec XStreamXml
[Test worker] INFO com.netflix.eureka.registry.RemoteRegionRegistry - Disable delta property : false
[Test worker] INFO com.netflix.eureka.registry.RemoteRegionRegistry - Application is null : false
[Test worker] INFO com.netflix.eureka.registry.RemoteRegionRegistry - Registered Applications size is zero : true
[Test worker] INFO com.netflix.eureka.registry.RemoteRegionRegistry - Getting instance registry info from the eureka server : http://localhost:44215/eureka/v2/ , delta : false
[Test worker] INFO com.netflix.eureka.registry.RemoteRegionRegistry - Successfully updated registry with the latest content
[Test worker] INFO com.netflix.eureka.registry.AbstractInstanceRegistry - Finished initializing remote region registries. All known remote regions: [us-east-1]
[Test worker] INFO com.netflix.eureka.DefaultEurekaServerContext - Initialized
[Test worker] INFO com.netflix.eureka.registry.AbstractInstanceRegistry - Application MYAPP  fetched from the remote region us-east-1
[Test worker] INFO com.netflix.eureka.DefaultEurekaServerContext - Shutting down ...
[Test worker] INFO com.netflix.eureka.DefaultEurekaServerContext - Shut down
[Test worker] WARN com.netflix.eureka.DefaultEurekaServerConfig - Cannot find the properties specified : eureka-server. This may be okay if there are other environment specific properties or the configuration is installed with a different mechanism.
[Test worker] INFO org.mortbay.log - jetty-6.1H.22
[Test worker] INFO org.mortbay.log - Started SocketConnector@0.0.0.0:39591
[Test worker] WARN com.netflix.eureka.DefaultEurekaServerConfig - Cannot find the properties specified : eureka-server. This may be okay if there are other environment specific properties or the configuration is installed with a different mechanism.
[Test worker] WARN com.netflix.discovery.internal.util.Archaius1Utils - Cannot find the properties specified : eureka-client. This may be okay if there are other environment specific properties or the configuration is installed with a different mechanism.
[Test worker] WARN com.netflix.discovery.internal.util.Archaius1Utils - Cannot find the properties specified : eureka-client. This may be okay if there are other environment specific properties or the configuration is installed with a different mechanism.
[Test worker] INFO com.netflix.discovery.DiscoveryClient - Initializing Eureka in region us-east-1
[Test worker] INFO com.netflix.discovery.provider.DiscoveryJerseyProvider - Using JSON encoding codec LegacyJacksonJson
[Test worker] INFO com.netflix.discovery.provider.DiscoveryJerseyProvider - Using JSON decoding codec LegacyJacksonJson
[Test worker] INFO com.netflix.discovery.provider.DiscoveryJerseyProvider - Using XML encoding codec XStreamXml
[Test worker] INFO com.netflix.discovery.provider.DiscoveryJerseyProvider - Using XML decoding codec XStreamXml
[Test worker] INFO com.netflix.discovery.shared.resolver.aws.ConfigClusterResolver - Resolving eureka endpoints via configuration
[Test worker] WARN com.netflix.discovery.endpoint.EndpointUtils - DISCOVERY: Could not pick a zone based on preferred zone settings. My zone - us-east-1a, preferSameZone- true. Defaulting to defaultZone
[Test worker] INFO com.netflix.discovery.DiscoveryClient - Disable delta property : false
[Test worker] INFO com.netflix.discovery.DiscoveryClient - Single vip registry refresh property : null
[Test worker] INFO com.netflix.discovery.DiscoveryClient - Force full registry fetch : false
[Test worker] INFO com.netflix.discovery.DiscoveryClient - Application is null : false
[Test worker] INFO com.netflix.discovery.DiscoveryClient - Registered Applications size is zero : true
[Test worker] INFO com.netflix.discovery.DiscoveryClient - Application version is -1: true
[Test worker] INFO com.netflix.discovery.DiscoveryClient - Getting all instance registry info from the eureka server
[Test worker] INFO com.netflix.discovery.DiscoveryClient - The response status is 200
[Test worker] INFO com.netflix.discovery.DiscoveryClient - Starting heartbeat executor: renew interval is: 30
[Test worker] INFO com.netflix.discovery.InstanceInfoReplicator - InstanceInfoReplicator onDemand update allowed rate per min is 4
[Test worker] INFO com.netflix.discovery.DiscoveryClient - Discovery Client initialized at timestamp 1491758938727 with initial instances count: 1
[Test worker] INFO com.netflix.eureka.DefaultEurekaServerContext - Initializing ...
[Test worker] INFO com.netflix.discovery.provider.DiscoveryJerseyProvider - Using JSON encoding codec LegacyJacksonJson
[Test worker] INFO com.netflix.discovery.provider.DiscoveryJerseyProvider - Using JSON decoding codec LegacyJacksonJson
[Test worker] INFO com.netflix.discovery.provider.DiscoveryJerseyProvider - Using XML encoding codec XStreamXml
[Test worker] INFO com.netflix.discovery.provider.DiscoveryJerseyProvider - Using XML decoding codec XStreamXml
[Test worker] INFO com.netflix.eureka.registry.RemoteRegionRegistry - Disable delta property : false
[Test worker] INFO com.netflix.eureka.registry.RemoteRegionRegistry - Application is null : false
[Test worker] INFO com.netflix.eureka.registry.RemoteRegionRegistry - Registered Applications size is zero : true
[Test worker] INFO com.netflix.eureka.registry.RemoteRegionRegistry - Getting instance registry info from the eureka server : http://localhost:39591/eureka/v2/ , delta : false
[Test worker] INFO com.netflix.eureka.registry.RemoteRegionRegistry - Successfully updated registry with the latest content
[Test worker] INFO com.netflix.eureka.registry.AbstractInstanceRegistry - Finished initializing remote region registries. All known remote regions: [us-east-1]
[Test worker] INFO com.netflix.eureka.DefaultEurekaServerContext - Initialized
[Test worker] INFO com.netflix.eureka.DefaultEurekaServerContext - Shutting down ...
[Test worker] INFO com.netflix.eureka.DefaultEurekaServerContext - Shut down
[Test worker] WARN com.netflix.eureka.DefaultEurekaServerConfig - Cannot find the properties specified : eureka-server. This may be okay if there are other environment specific properties or the configuration is installed with a different mechanism.
[Test worker] INFO org.mortbay.log - jetty-6.1H.22
[Test worker] INFO org.mortbay.log - Started SocketConnector@0.0.0.0:44643
[Test worker] WARN com.netflix.eureka.DefaultEurekaServerConfig - Cannot find the properties specified : eureka-server. This may be okay if there are other environment specific properties or the configuration is installed with a different mechanism.
[Test worker] WARN com.netflix.discovery.internal.util.Archaius1Utils - Cannot find the properties specified : eureka-client. This may be okay if there are other environment specific properties or the configuration is installed with a different mechanism.
[Test worker] WARN com.netflix.discovery.internal.util.Archaius1Utils - Cannot find the properties specified : eureka-client. This may be okay if there are other environment specific properties or the configuration is installed with a different mechanism.
[Test worker] INFO com.netflix.discovery.DiscoveryClient - Initializing Eureka in region us-east-1
[Test worker] INFO com.netflix.discovery.provider.DiscoveryJerseyProvider - Using JSON encoding codec LegacyJacksonJson
[Test worker] INFO com.netflix.discovery.provider.DiscoveryJerseyProvider - Using JSON decoding codec LegacyJacksonJson
[Test worker] INFO com.netflix.discovery.provider.DiscoveryJerseyProvider - Using XML encoding codec XStreamXml
[Test worker] INFO com.netflix.discovery.provider.DiscoveryJerseyProvider - Using XML decoding codec XStreamXml
[Test worker] INFO com.netflix.discovery.shared.resolver.aws.ConfigClusterResolver - Resolving eureka endpoints via configuration
[Test worker] WARN com.netflix.discovery.endpoint.EndpointUtils - DISCOVERY: Could not pick a zone based on preferred zone settings. My zone - us-east-1a, preferSameZone- true. Defaulting to defaultZone
[Test worker] INFO com.netflix.discovery.DiscoveryClient - Disable delta property : false
[Test worker] INFO com.netflix.discovery.DiscoveryClient - Single vip registry refresh property : null
[Test worker] INFO com.netflix.discovery.DiscoveryClient - Force full registry fetch : false
[Test worker] INFO com.netflix.discovery.DiscoveryClient - Application is null : false
[Test worker] INFO com.netflix.discovery.DiscoveryClient - Registered Applications size is zero : true
[Test worker] INFO com.netflix.discovery.DiscoveryClient - Application version is -1: true
[Test worker] INFO com.netflix.discovery.DiscoveryClient - Getting all instance registry info from the eureka server
[Test worker] INFO com.netflix.discovery.DiscoveryClient - The response status is 200
[Test worker] INFO com.netflix.discovery.DiscoveryClient - Starting heartbeat executor: renew interval is: 30
[Test worker] INFO com.netflix.discovery.InstanceInfoReplicator - InstanceInfoReplicator onDemand update allowed rate per min is 4
[Test worker] INFO com.netflix.discovery.DiscoveryClient - Discovery Client initialized at timestamp 1491758939008 with initial instances count: 1
[Test worker] INFO com.netflix.eureka.DefaultEurekaServerContext - Initializing ...
[Test worker] INFO com.netflix.discovery.provider.DiscoveryJerseyProvider - Using JSON encoding codec LegacyJacksonJson
[Test worker] INFO com.netflix.discovery.provider.DiscoveryJerseyProvider - Using JSON decoding codec LegacyJacksonJson
[Test worker] INFO com.netflix.discovery.provider.DiscoveryJerseyProvider - Using XML encoding codec XStreamXml
[Test worker] INFO com.netflix.discovery.provider.DiscoveryJerseyProvider - Using XML decoding codec XStreamXml
[Test worker] INFO com.netflix.eureka.registry.RemoteRegionRegistry - Disable delta property : false
[Test worker] INFO com.netflix.eureka.registry.RemoteRegionRegistry - Application is null : false
[Test worker] INFO com.netflix.eureka.registry.RemoteRegionRegistry - Registered Applications size is zero : true
[Test worker] INFO com.netflix.eureka.registry.RemoteRegionRegistry - Getting instance registry info from the eureka server : http://localhost:44643/eureka/v2/ , delta : false
[Test worker] INFO com.netflix.eureka.registry.RemoteRegionRegistry - Successfully updated registry with the latest content
[Test worker] INFO com.netflix.eureka.registry.AbstractInstanceRegistry - Finished initializing remote region registries. All known remote regions: [us-east-1]
[Test worker] INFO com.netflix.eureka.DefaultEurekaServerContext - Initialized
[Test worker] INFO com.netflix.eureka.DefaultEurekaServerContext - Shutting down ...
[Test worker] INFO com.netflix.eureka.DefaultEurekaServerContext - Shut down
[pool-32-thread-1] INFO com.netflix.eureka.registry.RemoteRegionRegistry - Getting instance registry info from the eureka server : http://localhost:33018/eureka/v2/ , delta : true
[pool-32-thread-1] ERROR com.netflix.eureka.registry.RemoteRegionRegistry - Can't get a response from http://localhost:33018/eureka/v2/
com.sun.jersey.api.client.ClientHandlerException: java.net.ConnectException: Connexion refusée (Connection refused)
	at com.sun.jersey.client.apache4.ApacheHttpClient4Handler.handle(ApacheHttpClient4Handler.java:187)
	at com.sun.jersey.api.client.filter.GZIPContentEncodingFilter.handle(GZIPContentEncodingFilter.java:123)
	at com.netflix.discovery.EurekaIdentityHeaderFilter.handle(EurekaIdentityHeaderFilter.java:27)
	at com.sun.jersey.api.client.Client.handle(Client.java:652)
	at com.sun.jersey.api.client.WebResource.handle(WebResource.java:682)
	at com.sun.jersey.api.client.WebResource.access$200(WebResource.java:74)
	at com.sun.jersey.api.client.WebResource$Builder.get(WebResource.java:509)
	at com.netflix.eureka.registry.RemoteRegionRegistry.fetchRemoteRegistry(RemoteRegionRegistry.java:389)
	at com.netflix.eureka.registry.RemoteRegionRegistry.fetchAndStoreDelta(RemoteRegionRegistry.java:244)
	at com.netflix.eureka.registry.RemoteRegionRegistry.fetchRegistry(RemoteRegionRegistry.java:228)
	at com.netflix.eureka.registry.RemoteRegionRegistry.access$000(RemoteRegionRegistry.java:70)
	at com.netflix.eureka.registry.RemoteRegionRegistry$1.run(RemoteRegionRegistry.java:167)
	at java.util.concurrent.Executors$RunnableAdapter.call(Executors.java:511)
	at java.util.concurrent.FutureTask.run(FutureTask.java:266)
	at java.util.concurrent.ThreadPoolExecutor.runWorker(ThreadPoolExecutor.java:1142)
	at java.util.concurrent.ThreadPoolExecutor$Worker.run(ThreadPoolExecutor.java:617)
	at java.lang.Thread.run(Thread.java:745)
Caused by: java.net.ConnectException: Connexion refusée (Connection refused)
	at java.net.PlainSocketImpl.socketConnect(Native Method)
	at java.net.AbstractPlainSocketImpl.doConnect(AbstractPlainSocketImpl.java:350)
	at java.net.AbstractPlainSocketImpl.connectToAddress(AbstractPlainSocketImpl.java:206)
	at java.net.AbstractPlainSocketImpl.connect(AbstractPlainSocketImpl.java:188)
	at java.net.SocksSocketImpl.connect(SocksSocketImpl.java:392)
	at java.net.Socket.connect(Socket.java:589)
	at org.apache.http.conn.scheme.PlainSocketFactory.connectSocket(PlainSocketFactory.java:120)
	at org.apache.http.impl.conn.DefaultClientConnectionOperator.openConnection(DefaultClientConnectionOperator.java:179)
	at org.apache.http.impl.conn.AbstractPoolEntry.open(AbstractPoolEntry.java:144)
	at org.apache.http.impl.conn.AbstractPooledConnAdapter.open(AbstractPooledConnAdapter.java:134)
	at org.apache.http.impl.client.DefaultRequestDirector.tryConnect(DefaultRequestDirector.java:612)
	at org.apache.http.impl.client.DefaultRequestDirector.execute(DefaultRequestDirector.java:447)
	at org.apache.http.impl.client.AbstractHttpClient.doExecute(AbstractHttpClient.java:884)
	at org.apache.http.impl.client.CloseableHttpClient.execute(CloseableHttpClient.java:117)
	at org.apache.http.impl.client.CloseableHttpClient.execute(CloseableHttpClient.java:55)
	at com.sun.jersey.client.apache4.ApacheHttpClient4Handler.handle(ApacheHttpClient4Handler.java:173)
	... 16 more
[pool-32-thread-1] ERROR com.netflix.eureka.registry.RemoteRegionRegistry - The delta is null for some reason. Not storing this information
[pool-32-thread-1] WARN com.netflix.eureka.registry.RemoteRegionRegistry - The server does not allow the delta revision to be applied because it is not safe. Hence got the full registry.
[pool-32-thread-1] INFO com.netflix.eureka.registry.RemoteRegionRegistry - Getting instance registry info from the eureka server : http://localhost:33018/eureka/v2/ , delta : false
[pool-32-thread-1] ERROR com.netflix.eureka.registry.RemoteRegionRegistry - Can't get a response from http://localhost:33018/eureka/v2/
com.sun.jersey.api.client.ClientHandlerException: java.net.ConnectException: Connexion refusée (Connection refused)
	at com.sun.jersey.client.apache4.ApacheHttpClient4Handler.handle(ApacheHttpClient4Handler.java:187)
	at com.sun.jersey.api.client.filter.GZIPContentEncodingFilter.handle(GZIPContentEncodingFilter.java:123)
	at com.netflix.discovery.EurekaIdentityHeaderFilter.handle(EurekaIdentityHeaderFilter.java:27)
	at com.sun.jersey.api.client.Client.handle(Client.java:652)
	at com.sun.jersey.api.client.WebResource.handle(WebResource.java:682)
	at com.sun.jersey.api.client.WebResource.access$200(WebResource.java:74)
	at com.sun.jersey.api.client.WebResource$Builder.get(WebResource.java:509)
	at com.netflix.eureka.registry.RemoteRegionRegistry.fetchRemoteRegistry(RemoteRegionRegistry.java:389)
	at com.netflix.eureka.registry.RemoteRegionRegistry.storeFullRegistry(RemoteRegionRegistry.java:349)
	at com.netflix.eureka.registry.RemoteRegionRegistry.fetchAndStoreDelta(RemoteRegionRegistry.java:258)
	at com.netflix.eureka.registry.RemoteRegionRegistry.fetchRegistry(RemoteRegionRegistry.java:228)
	at com.netflix.eureka.registry.RemoteRegionRegistry.access$000(RemoteRegionRegistry.java:70)
	at com.netflix.eureka.registry.RemoteRegionRegistry$1.run(RemoteRegionRegistry.java:167)
	at java.util.concurrent.Executors$RunnableAdapter.call(Executors.java:511)
	at java.util.concurrent.FutureTask.run(FutureTask.java:266)
	at java.util.concurrent.ThreadPoolExecutor.runWorker(ThreadPoolExecutor.java:1142)
	at java.util.concurrent.ThreadPoolExecutor$Worker.run(ThreadPoolExecutor.java:617)
	at java.lang.Thread.run(Thread.java:745)
Caused by: java.net.ConnectException: Connexion refusée (Connection refused)
	at java.net.PlainSocketImpl.socketConnect(Native Method)
	at java.net.AbstractPlainSocketImpl.doConnect(AbstractPlainSocketImpl.java:350)
	at java.net.AbstractPlainSocketImpl.connectToAddress(AbstractPlainSocketImpl.java:206)
	at java.net.AbstractPlainSocketImpl.connect(AbstractPlainSocketImpl.java:188)
	at java.net.SocksSocketImpl.connect(SocksSocketImpl.java:392)
	at java.net.Socket.connect(Socket.java:589)
	at org.apache.http.conn.scheme.PlainSocketFactory.connectSocket(PlainSocketFactory.java:120)
	at org.apache.http.impl.conn.DefaultClientConnectionOperator.openConnection(DefaultClientConnectionOperator.java:179)
	at org.apache.http.impl.conn.AbstractPoolEntry.open(AbstractPoolEntry.java:144)
	at org.apache.http.impl.conn.AbstractPooledConnAdapter.open(AbstractPooledConnAdapter.java:134)
	at org.apache.http.impl.client.DefaultRequestDirector.tryConnect(DefaultRequestDirector.java:612)
	at org.apache.http.impl.client.DefaultRequestDirector.execute(DefaultRequestDirector.java:447)
	at org.apache.http.impl.client.AbstractHttpClient.doExecute(AbstractHttpClient.java:884)
	at org.apache.http.impl.client.CloseableHttpClient.execute(CloseableHttpClient.java:117)
	at org.apache.http.impl.client.CloseableHttpClient.execute(CloseableHttpClient.java:55)
	at com.sun.jersey.client.apache4.ApacheHttpClient4Handler.handle(ApacheHttpClient4Handler.java:173)
	... 17 more
[pool-32-thread-1] ERROR com.netflix.eureka.registry.RemoteRegionRegistry - The application is null for some reason. Not storing this information
[pool-32-thread-1] WARN com.netflix.eureka.registry.RemoteRegionRegistry - Failed to fetch remote registry. This means this eureka server is not ready for serving traffic.
]]></system-err>
</testsuite>
